{
  "stats": {
    "suites": 1,
    "tests": 14,
    "passes": 11,
    "pending": 0,
    "failures": 3,
    "start": "2026-03-31T19:04:40.765Z",
    "end": "2026-03-31T19:05:32.197Z",
    "duration": 51432,
    "testsRegistered": 14,
    "passPercent": 78.57142857142857,
    "pendingPercent": 0,
    "other": 0,
    "hasOther": false,
    "skipped": 0,
    "hasSkipped": false
  },
  "results": [
    {
      "uuid": "691f959e-e3e7-47d4-8387-e6474e430a0d",
      "title": "",
      "fullFile": "cypress\\e2e\\login.cy.js",
      "file": "cypress\\e2e\\login.cy.js",
      "beforeHooks": [],
      "afterHooks": [],
      "tests": [],
      "suites": [
        {
          "uuid": "cc85488c-87f8-4c9d-b5f7-fddf0e087c46",
          "title": "Quess Support - Login Page",
          "fullFile": "",
          "file": "",
          "beforeHooks": [],
          "afterHooks": [],
          "tests": [
            {
              "title": "TC01 - should display login page UI correctly",
              "fullTitle": "Quess Support - Login Page TC01 - should display login page UI correctly",
              "timedOut": null,
              "duration": 6234,
              "state": "passed",
              "speed": "medium",
              "pass": true,
              "fail": false,
              "pending": false,
              "context": null,
              "code": "cy.contains(texts.title).should(\"be.visible\");\ncy.contains(texts.subtitle).should(\"be.visible\");\ncy.contains(texts.emailLabel).should(\"be.visible\");\ncy.contains(texts.passwordLabel).should(\"be.visible\");\ncy.get(loginSelectors.username).should('be.visible').and('have.attr', 'placeholder', 'you@quess.com');\ncy.get(loginSelectors.password).should('be.visible').and('have.attr', 'placeholder', 'Enter your password');\ncy.get(loginSelectors.submit).contains(texts.signInButton).should('be.visible');",
              "err": {},
              "uuid": "3b135c08-59c7-40ca-956b-c83efc755dee",
              "parentUUID": "cc85488c-87f8-4c9d-b5f7-fddf0e087c46",
              "isHook": false,
              "skipped": false
            },
            {
              "title": "TC02 - should allow typing email and password",
              "fullTitle": "Quess Support - Login Page TC02 - should allow typing email and password",
              "timedOut": null,
              "duration": 1140,
              "state": "passed",
              "speed": "fast",
              "pass": true,
              "fail": false,
              "pending": false,
              "context": null,
              "code": "typeEmail(data.validEmail);\ntypePassword(data.validPassword);",
              "err": {},
              "uuid": "b4e8ad7f-72c6-4059-a033-93f225e61c92",
              "parentUUID": "cc85488c-87f8-4c9d-b5f7-fddf0e087c46",
              "isHook": false,
              "skipped": false
            },
            {
              "title": "TC03 - should show native validation when email is blank",
              "fullTitle": "Quess Support - Login Page TC03 - should show native validation when email is blank",
              "timedOut": null,
              "duration": 684,
              "state": "passed",
              "speed": "fast",
              "pass": true,
              "fail": false,
              "pending": false,
              "context": null,
              "code": "typePassword(data.validPassword);\nclickSignIn();\nassertNativeValidationMessage(loginSelectors.username);\nassertFieldInvalid(loginSelectors.username);",
              "err": {},
              "uuid": "1b8b45a5-53c5-4788-80ed-e7dd886ec2b3",
              "parentUUID": "cc85488c-87f8-4c9d-b5f7-fddf0e087c46",
              "isHook": false,
              "skipped": false
            },
            {
              "title": "TC04 - should show native validation when password is blank",
              "fullTitle": "Quess Support - Login Page TC04 - should show native validation when password is blank",
              "timedOut": null,
              "duration": 936,
              "state": "passed",
              "speed": "fast",
              "pass": true,
              "fail": false,
              "pending": false,
              "context": null,
              "code": "typeEmail(data.validEmail);\nclickSignIn();\nassertNativeValidationMessage(loginSelectors.password);\nassertFieldInvalid(loginSelectors.password);",
              "err": {},
              "uuid": "8b7ea301-26ab-47d0-839a-aedd97c27108",
              "parentUUID": "cc85488c-87f8-4c9d-b5f7-fddf0e087c46",
              "isHook": false,
              "skipped": false
            },
            {
              "title": "TC05 - should show native validation when both fields are blank",
              "fullTitle": "Quess Support - Login Page TC05 - should show native validation when both fields are blank",
              "timedOut": null,
              "duration": 349,
              "state": "passed",
              "speed": "fast",
              "pass": true,
              "fail": false,
              "pending": false,
              "context": null,
              "code": "clickSignIn();\nassertNativeValidationMessage(loginSelectors.username);\nassertFieldInvalid(loginSelectors.username);\nassertFieldInvalid(loginSelectors.password);",
              "err": {},
              "uuid": "762da297-7d6a-4787-a622-342e1073f052",
              "parentUUID": "cc85488c-87f8-4c9d-b5f7-fddf0e087c46",
              "isHook": false,
              "skipped": false
            },
            {
              "title": "TC06 - should show validation for invalid email format",
              "fullTitle": "Quess Support - Login Page TC06 - should show validation for invalid email format",
              "timedOut": null,
              "duration": 968,
              "state": "passed",
              "speed": "fast",
              "pass": true,
              "fail": false,
              "pending": false,
              "context": null,
              "code": "typeEmail(data.badEmail);\ntypePassword(data.validPassword);\nclickSignIn();\ncy.get(loginSelectors.username).then($input => {\n  expect($input[0].checkValidity()).to.be.false;\n  expect($input[0].validationMessage).to.not.equal('');\n});",
              "err": {},
              "uuid": "20d81590-8aed-4576-898a-5a8cb7600764",
              "parentUUID": "cc85488c-87f8-4c9d-b5f7-fddf0e087c46",
              "isHook": false,
              "skipped": false
            },
            {
              "title": "TC07 - should toggle password visibility if eye icon is clickable",
              "fullTitle": "Quess Support - Login Page TC07 - should toggle password visibility if eye icon is clickable",
              "timedOut": null,
              "duration": 637,
              "state": "passed",
              "speed": "fast",
              "pass": true,
              "fail": false,
              "pending": false,
              "context": null,
              "code": "typePassword(data.validPassword);\ncy.get(loginSelectors.password).should('have.attr', 'type').then(initialType => {\n  cy.get(loginSelectors.password).parent().find(passwordToggle).first().then($toggle => {\n    if ($toggle.length) {\n      cy.wrap($toggle).click({\n        force: true\n      });\n      cy.get(loginSelectors.password).invoke('attr', 'type').should(newType => {\n        expect(newType).to.not.equal(initialType);\n      });\n    }\n  });\n});",
              "err": {},
              "uuid": "dccb6fb9-31c5-44df-b683-1b74400752c3",
              "parentUUID": "cc85488c-87f8-4c9d-b5f7-fddf0e087c46",
              "isHook": false,
              "skipped": false
            },
            {
              "title": "TC08 - should login successfully with valid credentials",
              "fullTitle": "Quess Support - Login Page TC08 - should login successfully with valid credentials",
              "timedOut": null,
              "duration": 2712,
              "state": "passed",
              "speed": "fast",
              "pass": true,
              "fail": false,
              "pending": false,
              "context": null,
              "code": "cy.intercept(\"POST\", \"**/login**\").as(\"loginRequest\"); // update endpoint if needed\ntypeEmail(data.validEmail);\ntypePassword(data.validPassword);\nclickSignIn();\ncy.wait(\"@loginRequest\", {\n  timeout: 10000\n}).then(interception => {\n  var _interception$respons;\n  expect((_interception$respons = interception.response) === null || _interception$respons === void 0 ? void 0 : _interception$respons.statusCode).to.be.oneOf([200, 201]);\n});\ncy.url().should(\"not.include\", \"/login\");",
              "err": {},
              "uuid": "47659958-7a83-4e82-b3c2-58ff28eb6de2",
              "parentUUID": "cc85488c-87f8-4c9d-b5f7-fddf0e087c46",
              "isHook": false,
              "skipped": false
            },
            {
              "title": "TC09 - should show error for invalid credentials",
              "fullTitle": "Quess Support - Login Page TC09 - should show error for invalid credentials",
              "timedOut": null,
              "duration": 11487,
              "state": "failed",
              "speed": null,
              "pass": false,
              "fail": true,
              "pending": false,
              "context": null,
              "code": "cy.intercept(\"POST\", \"**/login**\", {\n  statusCode: 401,\n  body: {\n    message: \"Invalid email or password\"\n  }\n}).as(\"loginRequest\");\ntypeEmail(data.invalidEmail);\ntypePassword(data.invalidPassword);\nclickSignIn();\ncy.wait(\"@loginRequest\", {\n  timeout: 10000\n});\ncy.contains(/invalid credentials|Invalid email or password|login failed/i).should(\"be.visible\");",
              "err": {
                "message": "AssertionError: Timed out retrying after 10000ms: Expected to find content: '/invalid credentials|Invalid email or password|login failed/i' but never did.",
                "estack": "AssertionError: Timed out retrying after 10000ms: Expected to find content: '/invalid credentials|Invalid email or password|login failed/i' but never did.\n    at Context.eval (webpack://quessai_cypress/./cypress/e2e/login.cy.js:184:79)",
                "diff": null
              },
              "uuid": "35115812-3352-4b5d-9e3a-a88ec1c8114a",
              "parentUUID": "cc85488c-87f8-4c9d-b5f7-fddf0e087c46",
              "isHook": false,
              "skipped": false
            },
            {
              "title": "TC10 - should keep Sign in button visible",
              "fullTitle": "Quess Support - Login Page TC10 - should keep Sign in button visible",
              "timedOut": null,
              "duration": 258,
              "state": "passed",
              "speed": "fast",
              "pass": true,
              "fail": false,
              "pending": false,
              "context": null,
              "code": "cy.contains('button', texts.signInButton).should('be.visible');",
              "err": {},
              "uuid": "d0b205be-b315-492f-936c-4d0923731d77",
              "parentUUID": "cc85488c-87f8-4c9d-b5f7-fddf0e087c46",
              "isHook": false,
              "skipped": false
            },
            {
              "title": "TC11 - should trim whitespace in credentials before login",
              "fullTitle": "Quess Support - Login Page TC11 - should trim whitespace in credentials before login",
              "timedOut": null,
              "duration": 11300,
              "state": "failed",
              "speed": null,
              "pass": false,
              "fail": true,
              "pending": false,
              "context": null,
              "code": "cy.intercept(\"POST\", \"**/login**\", {\n  fixture: 'api/login-success.json'\n}).as(\"loginRequest\");\ntypeEmail(`   ${data.validEmail}   `);\ntypePassword(`   ${data.validPassword}   `);\nclickSignIn();\ncy.wait('@loginRequest').its('response.statusCode').should('be.oneOf', [200, 201]);\ncy.url().should('not.include', '/login');",
              "err": {
                "message": "AssertionError: Timed out retrying after 10310ms: expected '<input#email.h-8.w-full.min-w-0.rounded-lg.border.border-input.bg-transparent.px-2.5.py-1.text-base.transition-colors.outline-none.file:inline-flex.file:h-6.file:border-0.file:bg-transparent.file:text-sm.file:font-medium.file:text-foreground.placeholder:text-muted-foreground.focus-visible:border-ring.focus-visible:ring-3.focus-visible:ring-ring/50.disabled:pointer-events-none.disabled:cursor-not-allowed.disabled:bg-input/50.disabled:opacity-50.aria-invalid:border-destructive.aria-invalid:ring-3.aria-invalid:ring-destructive/20.md:text-sm.dark:bg-input/30.dark:disabled:bg-input/80.dark:aria-invalid:border-destructive/50.dark:aria-invalid:ring-destructive/40>' to have value '   agent@mailinator.com   ', but the value was 'agent@mailinator.com'",
                "estack": "AssertionError: Timed out retrying after 10310ms: expected '<input#email.h-8.w-full.min-w-0.rounded-lg.border.border-input.bg-transparent.px-2.5.py-1.text-base.transition-colors.outline-none.file:inline-flex.file:h-6.file:border-0.file:bg-transparent.file:text-sm.file:font-medium.file:text-foreground.placeholder:text-muted-foreground.focus-visible:border-ring.focus-visible:ring-3.focus-visible:ring-ring/50.disabled:pointer-events-none.disabled:cursor-not-allowed.disabled:bg-input/50.disabled:opacity-50.aria-invalid:border-destructive.aria-invalid:ring-3.aria-invalid:ring-destructive/20.md:text-sm.dark:bg-input/30.dark:disabled:bg-input/80.dark:aria-invalid:border-destructive/50.dark:aria-invalid:ring-destructive/40>' to have value '   agent@mailinator.com   ', but the value was 'agent@mailinator.com'\n    at typeEmail (webpack://quessai_cypress/./cypress/e2e/login.cy.js:50:7)\n    at Context.eval (webpack://quessai_cypress/./cypress/e2e/login.cy.js:194:4)",
                "diff": "- 'agent@mailinator.com'\n+ '   agent@mailinator.com   '\n"
              },
              "uuid": "4955d3f0-d49b-4b52-838d-9fb0bb950a32",
              "parentUUID": "cc85488c-87f8-4c9d-b5f7-fddf0e087c46",
              "isHook": false,
              "skipped": false
            },
            {
              "title": "TC12 - should show network error when login endpoint is unreachable",
              "fullTitle": "Quess Support - Login Page TC12 - should show network error when login endpoint is unreachable",
              "timedOut": null,
              "duration": 11344,
              "state": "failed",
              "speed": null,
              "pass": false,
              "fail": true,
              "pending": false,
              "context": null,
              "code": "cy.intercept('POST', '**/login**', {\n  forceNetworkError: true\n}).as('loginRequest');\ntypeEmail(data.validEmail);\ntypePassword(data.validPassword);\nclickSignIn();\ncy.wait('@loginRequest');\ncy.contains(/network|offline|failed/i, {\n  timeout: 10000\n}).should('be.visible');",
              "err": {
                "message": "AssertionError: Timed out retrying after 10000ms: Expected to find content: '/network|offline|failed/i' but never did.",
                "estack": "AssertionError: Timed out retrying after 10000ms: Expected to find content: '/network|offline|failed/i' but never did.\n    at Context.eval (webpack://quessai_cypress/./cypress/e2e/login.cy.js:210:63)",
                "diff": null
              },
              "uuid": "a3862bb4-4c29-4aab-a9ca-5000747ee7f6",
              "parentUUID": "cc85488c-87f8-4c9d-b5f7-fddf0e087c46",
              "isHook": false,
              "skipped": false
            },
            {
              "title": "TC13 - should show server error for 5xx login responses",
              "fullTitle": "Quess Support - Login Page TC13 - should show server error for 5xx login responses",
              "timedOut": null,
              "duration": 1443,
              "state": "passed",
              "speed": "fast",
              "pass": true,
              "fail": false,
              "pending": false,
              "context": null,
              "code": "cy.intercept('POST', '**/login**', {\n  statusCode: 500,\n  body: {\n    message: 'Internal Server Error'\n  }\n}).as('loginRequest');\ntypeEmail(data.validEmail);\ntypePassword(data.validPassword);\nclickSignIn();\ncy.wait('@loginRequest');\ncy.contains(/server error|Internal Server Error|something went wrong/i).should('be.visible');",
              "err": {},
              "uuid": "b1747852-c7f7-4dae-b5bb-79ba3c445319",
              "parentUUID": "cc85488c-87f8-4c9d-b5f7-fddf0e087c46",
              "isHook": false,
              "skipped": false
            },
            {
              "title": "TC14 - should reject invalid short password",
              "fullTitle": "Quess Support - Login Page TC14 - should reject invalid short password",
              "timedOut": null,
              "duration": 1251,
              "state": "passed",
              "speed": "fast",
              "pass": true,
              "fail": false,
              "pending": false,
              "context": null,
              "code": "typeEmail(data.validEmail);\ntypePassword('a');\nclickSignIn();\ncy.contains(/password.*(min|length)|weak password/i).should('be.visible');",
              "err": {},
              "uuid": "6867a85d-b7bb-4ddd-8f4a-ac111d8af410",
              "parentUUID": "cc85488c-87f8-4c9d-b5f7-fddf0e087c46",
              "isHook": false,
              "skipped": false
            }
          ],
          "suites": [],
          "passes": [
            "3b135c08-59c7-40ca-956b-c83efc755dee",
            "b4e8ad7f-72c6-4059-a033-93f225e61c92",
            "1b8b45a5-53c5-4788-80ed-e7dd886ec2b3",
            "8b7ea301-26ab-47d0-839a-aedd97c27108",
            "762da297-7d6a-4787-a622-342e1073f052",
            "20d81590-8aed-4576-898a-5a8cb7600764",
            "dccb6fb9-31c5-44df-b683-1b74400752c3",
            "47659958-7a83-4e82-b3c2-58ff28eb6de2",
            "d0b205be-b315-492f-936c-4d0923731d77",
            "b1747852-c7f7-4dae-b5bb-79ba3c445319",
            "6867a85d-b7bb-4ddd-8f4a-ac111d8af410"
          ],
          "failures": [
            "35115812-3352-4b5d-9e3a-a88ec1c8114a",
            "4955d3f0-d49b-4b52-838d-9fb0bb950a32",
            "a3862bb4-4c29-4aab-a9ca-5000747ee7f6"
          ],
          "pending": [],
          "skipped": [],
          "duration": 50743,
          "root": false,
          "rootEmpty": false,
          "_timeout": 2000
        }
      ],
      "passes": [],
      "failures": [],
      "pending": [],
      "skipped": [],
      "duration": 0,
      "root": true,
      "rootEmpty": true,
      "_timeout": 2000
    }
  ],
  "meta": {
    "mocha": {
      "version": "7.2.0"
    },
    "mochawesome": {
      "options": {
        "quiet": false,
        "reportFilename": "mochawesome",
        "saveHtml": false,
        "saveJson": true,
        "consoleReporter": "spec",
        "useInlineDiffs": false,
        "code": true
      },
      "version": "7.1.4"
    },
    "marge": {
      "options": {
        "reportDir": "cypress/reports",
        "overwrite": false,
        "html": false,
        "json": true
      },
      "version": "6.3.2"
    }
  }
}