{
  "stats": {
    "suites": 1,
    "tests": 14,
    "passes": 11,
    "pending": 0,
    "failures": 3,
    "start": "2026-03-31T19:06:57.285Z",
    "end": "2026-03-31T19:07:44.208Z",
    "duration": 46923,
    "testsRegistered": 14,
    "passPercent": 78.57142857142857,
    "pendingPercent": 0,
    "other": 0,
    "hasOther": false,
    "skipped": 0,
    "hasSkipped": false
  },
  "results": [
    {
      "uuid": "8cf4a32d-5da4-4050-94c1-bb4a240f87f9",
      "title": "",
      "fullFile": "cypress\\e2e\\login.cy.js",
      "file": "cypress\\e2e\\login.cy.js",
      "beforeHooks": [],
      "afterHooks": [],
      "tests": [],
      "suites": [
        {
          "uuid": "51a64b7a-b527-4a8b-8810-1a2e574a18af",
          "title": "Quess Support - Login Page",
          "fullFile": "",
          "file": "",
          "beforeHooks": [],
          "afterHooks": [],
          "tests": [
            {
              "title": "TC01 - should display login page UI correctly",
              "fullTitle": "Quess Support - Login Page TC01 - should display login page UI correctly",
              "timedOut": null,
              "duration": 1541,
              "state": "passed",
              "speed": "fast",
              "pass": true,
              "fail": false,
              "pending": false,
              "context": null,
              "code": "cy.contains(texts.title).should(\"be.visible\");\ncy.contains(texts.subtitle).should(\"be.visible\");\ncy.contains(texts.emailLabel).should(\"be.visible\");\ncy.contains(texts.passwordLabel).should(\"be.visible\");\ncy.get(loginSelectors.username).should('be.visible').and('have.attr', 'placeholder', 'you@quess.com');\ncy.get(loginSelectors.password).should('be.visible').and('have.attr', 'placeholder', 'Enter your password');\ncy.get(loginSelectors.submit).contains(texts.signInButton).should('be.visible');",
              "err": {},
              "uuid": "dba8f45e-d0b3-4a07-9f5f-fed9099a80a7",
              "parentUUID": "51a64b7a-b527-4a8b-8810-1a2e574a18af",
              "isHook": false,
              "skipped": false
            },
            {
              "title": "TC02 - should allow typing email and password",
              "fullTitle": "Quess Support - Login Page TC02 - should allow typing email and password",
              "timedOut": null,
              "duration": 1192,
              "state": "passed",
              "speed": "fast",
              "pass": true,
              "fail": false,
              "pending": false,
              "context": null,
              "code": "typeEmail(data.validEmail);\ntypePassword(data.validPassword);",
              "err": {},
              "uuid": "651f4ce7-decb-409b-b21c-af4e787b5237",
              "parentUUID": "51a64b7a-b527-4a8b-8810-1a2e574a18af",
              "isHook": false,
              "skipped": false
            },
            {
              "title": "TC03 - should show native validation when email is blank",
              "fullTitle": "Quess Support - Login Page TC03 - should show native validation when email is blank",
              "timedOut": null,
              "duration": 733,
              "state": "passed",
              "speed": "fast",
              "pass": true,
              "fail": false,
              "pending": false,
              "context": null,
              "code": "typePassword(data.validPassword);\nclickSignIn();\nassertNativeValidationMessage(loginSelectors.username);\nassertFieldInvalid(loginSelectors.username);",
              "err": {},
              "uuid": "4992ef68-95d0-4cb1-881c-b53c099c4588",
              "parentUUID": "51a64b7a-b527-4a8b-8810-1a2e574a18af",
              "isHook": false,
              "skipped": false
            },
            {
              "title": "TC04 - should show native validation when password is blank",
              "fullTitle": "Quess Support - Login Page TC04 - should show native validation when password is blank",
              "timedOut": null,
              "duration": 826,
              "state": "passed",
              "speed": "fast",
              "pass": true,
              "fail": false,
              "pending": false,
              "context": null,
              "code": "typeEmail(data.validEmail);\nclickSignIn();\nassertNativeValidationMessage(loginSelectors.password);\nassertFieldInvalid(loginSelectors.password);",
              "err": {},
              "uuid": "08b5090e-0345-4706-a768-e3305edaf540",
              "parentUUID": "51a64b7a-b527-4a8b-8810-1a2e574a18af",
              "isHook": false,
              "skipped": false
            },
            {
              "title": "TC05 - should show native validation when both fields are blank",
              "fullTitle": "Quess Support - Login Page TC05 - should show native validation when both fields are blank",
              "timedOut": null,
              "duration": 337,
              "state": "passed",
              "speed": "fast",
              "pass": true,
              "fail": false,
              "pending": false,
              "context": null,
              "code": "clickSignIn();\nassertNativeValidationMessage(loginSelectors.username);\nassertFieldInvalid(loginSelectors.username);\nassertFieldInvalid(loginSelectors.password);",
              "err": {},
              "uuid": "bf0e72ec-d776-49d7-8770-b6135a83e76f",
              "parentUUID": "51a64b7a-b527-4a8b-8810-1a2e574a18af",
              "isHook": false,
              "skipped": false
            },
            {
              "title": "TC06 - should show validation for invalid email format",
              "fullTitle": "Quess Support - Login Page TC06 - should show validation for invalid email format",
              "timedOut": null,
              "duration": 999,
              "state": "passed",
              "speed": "fast",
              "pass": true,
              "fail": false,
              "pending": false,
              "context": null,
              "code": "typeEmail(data.badEmail);\ntypePassword(data.validPassword);\nclickSignIn();\ncy.get(loginSelectors.username).then($input => {\n  expect($input[0].checkValidity()).to.be.false;\n  expect($input[0].validationMessage).to.not.equal('');\n});",
              "err": {},
              "uuid": "ec6f4009-c168-4711-b211-2b16e6fb7278",
              "parentUUID": "51a64b7a-b527-4a8b-8810-1a2e574a18af",
              "isHook": false,
              "skipped": false
            },
            {
              "title": "TC07 - should toggle password visibility if eye icon is clickable",
              "fullTitle": "Quess Support - Login Page TC07 - should toggle password visibility if eye icon is clickable",
              "timedOut": null,
              "duration": 802,
              "state": "passed",
              "speed": "fast",
              "pass": true,
              "fail": false,
              "pending": false,
              "context": null,
              "code": "typePassword(data.validPassword);\ncy.get(loginSelectors.password).should('have.attr', 'type').then(initialType => {\n  cy.get(loginSelectors.password).parent().find(passwordToggle).first().then($toggle => {\n    if ($toggle.length) {\n      cy.wrap($toggle).click({\n        force: true\n      });\n      cy.get(loginSelectors.password).invoke('attr', 'type').should(newType => {\n        expect(newType).to.not.equal(initialType);\n      });\n    }\n  });\n});",
              "err": {},
              "uuid": "6bfd57a5-96bd-4dc6-b265-d4b4694f5d36",
              "parentUUID": "51a64b7a-b527-4a8b-8810-1a2e574a18af",
              "isHook": false,
              "skipped": false
            },
            {
              "title": "TC08 - should login successfully with valid credentials",
              "fullTitle": "Quess Support - Login Page TC08 - should login successfully with valid credentials",
              "timedOut": null,
              "duration": 3068,
              "state": "passed",
              "speed": "fast",
              "pass": true,
              "fail": false,
              "pending": false,
              "context": null,
              "code": "cy.intercept(\"POST\", \"**/login**\").as(\"loginRequest\"); // update endpoint if needed\ntypeEmail(data.validEmail);\ntypePassword(data.validPassword);\nclickSignIn();\ncy.wait(\"@loginRequest\", {\n  timeout: 10000\n}).then(interception => {\n  var _interception$respons;\n  expect((_interception$respons = interception.response) === null || _interception$respons === void 0 ? void 0 : _interception$respons.statusCode).to.be.oneOf([200, 201]);\n});\ncy.url().should(\"not.include\", \"/login\");",
              "err": {},
              "uuid": "14146083-da29-4193-937f-ecd43b30ea7a",
              "parentUUID": "51a64b7a-b527-4a8b-8810-1a2e574a18af",
              "isHook": false,
              "skipped": false
            },
            {
              "title": "TC09 - should show invalid credentials API response",
              "fullTitle": "Quess Support - Login Page TC09 - should show invalid credentials API response",
              "timedOut": null,
              "duration": 11419,
              "state": "failed",
              "speed": null,
              "pass": false,
              "fail": true,
              "pending": false,
              "context": null,
              "code": "cy.intercept(\"POST\", \"**/login**\", {\n  statusCode: 401,\n  body: {\n    message: \"Invalid email or password\"\n  }\n}).as(\"loginRequest\");\ntypeEmail(data.invalidEmail);\ntypePassword(data.invalidPassword);\nclickSignIn();\ncy.wait(\"@loginRequest\", {\n  timeout: 10000\n}).then(interception => {\n  expect(interception.response).to.have.property('statusCode', 401);\n  expect(interception.response.body).to.deep.equal({\n    message: 'Invalid email or password'\n  });\n});\ncy.contains(/invalid credentials|Invalid email or password|login failed|Unauthorized/i, {\n  timeout: 10000\n}).should('be.visible');",
              "err": {
                "message": "AssertionError: Timed out retrying after 10000ms: Expected to find content: '/invalid credentials|Invalid email or password|login failed|Unauthorized/i' but never did.",
                "estack": "AssertionError: Timed out retrying after 10000ms: Expected to find content: '/invalid credentials|Invalid email or password|login failed|Unauthorized/i' but never did.\n    at Context.eval (webpack://quessai_cypress/./cypress/e2e/login.cy.js:190:112)",
                "diff": null
              },
              "uuid": "ec8448ab-ebad-4e93-be1e-d6eae994352a",
              "parentUUID": "51a64b7a-b527-4a8b-8810-1a2e574a18af",
              "isHook": false,
              "skipped": false
            },
            {
              "title": "TC10 - should keep Sign in button visible",
              "fullTitle": "Quess Support - Login Page TC10 - should keep Sign in button visible",
              "timedOut": null,
              "duration": 191,
              "state": "passed",
              "speed": "fast",
              "pass": true,
              "fail": false,
              "pending": false,
              "context": null,
              "code": "cy.contains('button', texts.signInButton).should('be.visible');",
              "err": {},
              "uuid": "fec01bd1-2999-4909-a312-e65b33c3e110",
              "parentUUID": "51a64b7a-b527-4a8b-8810-1a2e574a18af",
              "isHook": false,
              "skipped": false
            },
            {
              "title": "TC11 - should preserve whitespace in credentials if not normalized",
              "fullTitle": "Quess Support - Login Page TC11 - should preserve whitespace in credentials if not normalized",
              "timedOut": null,
              "duration": 11205,
              "state": "failed",
              "speed": null,
              "pass": false,
              "fail": true,
              "pending": false,
              "context": null,
              "code": "const rawEmail = `   ${data.validEmail}   `;\nconst rawPassword = `   ${data.validPassword}   `;\ntypeEmail(rawEmail);\ntypePassword(rawPassword);\ncy.get(loginSelectors.username).should('have.value', rawEmail);\ncy.get(loginSelectors.password).should('have.value', rawPassword);\ncy.intercept('POST', '**/login**', {\n  fixture: 'api/login-success.json'\n}).as('loginRequest');\nclickSignIn();\ncy.wait('@loginRequest').its('response.statusCode').should('be.oneOf', [200, 201]);\ncy.url().should('not.include', '/login');",
              "err": {
                "message": "AssertionError: Timed out retrying after 10310ms: expected '<input#email.h-8.w-full.min-w-0.rounded-lg.border.border-input.bg-transparent.px-2.5.py-1.text-base.transition-colors.outline-none.file:inline-flex.file:h-6.file:border-0.file:bg-transparent.file:text-sm.file:font-medium.file:text-foreground.placeholder:text-muted-foreground.focus-visible:border-ring.focus-visible:ring-3.focus-visible:ring-ring/50.disabled:pointer-events-none.disabled:cursor-not-allowed.disabled:bg-input/50.disabled:opacity-50.aria-invalid:border-destructive.aria-invalid:ring-3.aria-invalid:ring-destructive/20.md:text-sm.dark:bg-input/30.dark:disabled:bg-input/80.dark:aria-invalid:border-destructive/50.dark:aria-invalid:ring-destructive/40>' to have value '   agent@mailinator.com   ', but the value was 'agent@mailinator.com'",
                "estack": "AssertionError: Timed out retrying after 10310ms: expected '<input#email.h-8.w-full.min-w-0.rounded-lg.border.border-input.bg-transparent.px-2.5.py-1.text-base.transition-colors.outline-none.file:inline-flex.file:h-6.file:border-0.file:bg-transparent.file:text-sm.file:font-medium.file:text-foreground.placeholder:text-muted-foreground.focus-visible:border-ring.focus-visible:ring-3.focus-visible:ring-ring/50.disabled:pointer-events-none.disabled:cursor-not-allowed.disabled:bg-input/50.disabled:opacity-50.aria-invalid:border-destructive.aria-invalid:ring-3.aria-invalid:ring-destructive/20.md:text-sm.dark:bg-input/30.dark:disabled:bg-input/80.dark:aria-invalid:border-destructive/50.dark:aria-invalid:ring-destructive/40>' to have value '   agent@mailinator.com   ', but the value was 'agent@mailinator.com'\n    at typeEmail (webpack://quessai_cypress/./cypress/e2e/login.cy.js:50:7)\n    at Context.eval (webpack://quessai_cypress/./cypress/e2e/login.cy.js:201:4)",
                "diff": "- 'agent@mailinator.com'\n+ '   agent@mailinator.com   '\n"
              },
              "uuid": "94102e1a-805e-443d-815c-3b9fca87458f",
              "parentUUID": "51a64b7a-b527-4a8b-8810-1a2e574a18af",
              "isHook": false,
              "skipped": false
            },
            {
              "title": "TC12 - should show network error when login endpoint is unreachable",
              "fullTitle": "Quess Support - Login Page TC12 - should show network error when login endpoint is unreachable",
              "timedOut": null,
              "duration": 11354,
              "state": "failed",
              "speed": null,
              "pass": false,
              "fail": true,
              "pending": false,
              "context": null,
              "code": "cy.intercept('POST', '**/login**', {\n  forceNetworkError: true\n}).as('loginRequest');\ntypeEmail(data.validEmail);\ntypePassword(data.validPassword);\nclickSignIn();\ncy.wait('@loginRequest').then(interception => {\n  expect(interception.error).to.have.property('message');\n});\n// The app may show a generic network error message, assert at least that an error state exists\ncy.get('body').contains(/network|offline|failed|unable to connect|service unavailable/i).should('exist');",
              "err": {
                "message": "AssertionError: Timed out retrying after 10000ms: Expected to find content: '/network|offline|failed|unable to connect|service unavailable/i' but never did.",
                "estack": "AssertionError: Timed out retrying after 10000ms: Expected to find content: '/network|offline|failed|unable to connect|service unavailable/i' but never did.\n    at Context.eval (webpack://quessai_cypress/./cypress/e2e/login.cy.js:226:93)",
                "diff": null
              },
              "uuid": "cb79300d-19d9-4a5d-afc2-900c08c159b6",
              "parentUUID": "51a64b7a-b527-4a8b-8810-1a2e574a18af",
              "isHook": false,
              "skipped": false
            },
            {
              "title": "TC13 - should show server error for 5xx login responses",
              "fullTitle": "Quess Support - Login Page TC13 - should show server error for 5xx login responses",
              "timedOut": null,
              "duration": 1302,
              "state": "passed",
              "speed": "fast",
              "pass": true,
              "fail": false,
              "pending": false,
              "context": null,
              "code": "cy.intercept('POST', '**/login**', {\n  statusCode: 500,\n  body: {\n    message: 'Internal Server Error'\n  }\n}).as('loginRequest');\ntypeEmail(data.validEmail);\ntypePassword(data.validPassword);\nclickSignIn();\ncy.wait('@loginRequest');\ncy.contains(/server error|Internal Server Error|something went wrong/i).should('be.visible');",
              "err": {},
              "uuid": "2617c80a-860c-49c7-ae0e-a7699c314107",
              "parentUUID": "51a64b7a-b527-4a8b-8810-1a2e574a18af",
              "isHook": false,
              "skipped": false
            },
            {
              "title": "TC14 - should reject invalid short password",
              "fullTitle": "Quess Support - Login Page TC14 - should reject invalid short password",
              "timedOut": null,
              "duration": 1186,
              "state": "passed",
              "speed": "fast",
              "pass": true,
              "fail": false,
              "pending": false,
              "context": null,
              "code": "typeEmail(data.validEmail);\ntypePassword('a');\nclickSignIn();\ncy.contains(/password.*(min|length)|weak password/i).should('be.visible');",
              "err": {},
              "uuid": "e4ebd4bb-ff9b-45cd-874a-f93784783607",
              "parentUUID": "51a64b7a-b527-4a8b-8810-1a2e574a18af",
              "isHook": false,
              "skipped": false
            }
          ],
          "suites": [],
          "passes": [
            "dba8f45e-d0b3-4a07-9f5f-fed9099a80a7",
            "651f4ce7-decb-409b-b21c-af4e787b5237",
            "4992ef68-95d0-4cb1-881c-b53c099c4588",
            "08b5090e-0345-4706-a768-e3305edaf540",
            "bf0e72ec-d776-49d7-8770-b6135a83e76f",
            "ec6f4009-c168-4711-b211-2b16e6fb7278",
            "6bfd57a5-96bd-4dc6-b265-d4b4694f5d36",
            "14146083-da29-4193-937f-ecd43b30ea7a",
            "fec01bd1-2999-4909-a312-e65b33c3e110",
            "2617c80a-860c-49c7-ae0e-a7699c314107",
            "e4ebd4bb-ff9b-45cd-874a-f93784783607"
          ],
          "failures": [
            "ec8448ab-ebad-4e93-be1e-d6eae994352a",
            "94102e1a-805e-443d-815c-3b9fca87458f",
            "cb79300d-19d9-4a5d-afc2-900c08c159b6"
          ],
          "pending": [],
          "skipped": [],
          "duration": 46155,
          "root": false,
          "rootEmpty": false,
          "_timeout": 2000
        }
      ],
      "passes": [],
      "failures": [],
      "pending": [],
      "skipped": [],
      "duration": 0,
      "root": true,
      "rootEmpty": true,
      "_timeout": 2000
    }
  ],
  "meta": {
    "mocha": {
      "version": "7.2.0"
    },
    "mochawesome": {
      "options": {
        "quiet": false,
        "reportFilename": "mochawesome",
        "saveHtml": false,
        "saveJson": true,
        "consoleReporter": "spec",
        "useInlineDiffs": false,
        "code": true
      },
      "version": "7.1.4"
    },
    "marge": {
      "options": {
        "reportDir": "cypress/reports",
        "overwrite": false,
        "html": false,
        "json": true
      },
      "version": "6.3.2"
    }
  }
}