{
  "stats": {
    "suites": 1,
    "tests": 14,
    "passes": 14,
    "pending": 0,
    "failures": 0,
    "start": "2026-03-31T19:13:14.270Z",
    "end": "2026-03-31T19:13:30.166Z",
    "duration": 15896,
    "testsRegistered": 14,
    "passPercent": 100,
    "pendingPercent": 0,
    "other": 0,
    "hasOther": false,
    "skipped": 0,
    "hasSkipped": false
  },
  "results": [
    {
      "uuid": "b7969661-8a20-4c80-b5cb-1f6aeea8f55c",
      "title": "",
      "fullFile": "cypress\\e2e\\login.cy.js",
      "file": "cypress\\e2e\\login.cy.js",
      "beforeHooks": [],
      "afterHooks": [],
      "tests": [],
      "suites": [
        {
          "uuid": "ce1cb233-9bc9-4ff1-b645-ccab4217dcdf",
          "title": "Quess Support - Login Page",
          "fullFile": "",
          "file": "",
          "beforeHooks": [],
          "afterHooks": [],
          "tests": [
            {
              "title": "TC01 - should display login page UI correctly",
              "fullTitle": "Quess Support - Login Page TC01 - should display login page UI correctly",
              "timedOut": null,
              "duration": 1438,
              "state": "passed",
              "speed": "fast",
              "pass": true,
              "fail": false,
              "pending": false,
              "context": null,
              "code": "cy.contains(texts.title).should(\"be.visible\");\ncy.contains(texts.subtitle).should(\"be.visible\");\ncy.contains(texts.emailLabel).should(\"be.visible\");\ncy.contains(texts.passwordLabel).should(\"be.visible\");\ncy.get(loginSelectors.username).should('be.visible').and('have.attr', 'placeholder', 'you@quess.com');\ncy.get(loginSelectors.password).should('be.visible').and('have.attr', 'placeholder', 'Enter your password');\ncy.get(loginSelectors.submit).contains(texts.signInButton).should('be.visible');",
              "err": {},
              "uuid": "606ffd48-6f43-40b3-87b2-3c7016dc780f",
              "parentUUID": "ce1cb233-9bc9-4ff1-b645-ccab4217dcdf",
              "isHook": false,
              "skipped": false
            },
            {
              "title": "TC02 - should allow typing email and password",
              "fullTitle": "Quess Support - Login Page TC02 - should allow typing email and password",
              "timedOut": null,
              "duration": 1075,
              "state": "passed",
              "speed": "fast",
              "pass": true,
              "fail": false,
              "pending": false,
              "context": null,
              "code": "typeEmail(data.validEmail);\ntypePassword(data.validPassword);",
              "err": {},
              "uuid": "0b41b91d-7c91-4a9f-994f-b17cc04030f7",
              "parentUUID": "ce1cb233-9bc9-4ff1-b645-ccab4217dcdf",
              "isHook": false,
              "skipped": false
            },
            {
              "title": "TC03 - should show native validation when email is blank",
              "fullTitle": "Quess Support - Login Page TC03 - should show native validation when email is blank",
              "timedOut": null,
              "duration": 617,
              "state": "passed",
              "speed": "fast",
              "pass": true,
              "fail": false,
              "pending": false,
              "context": null,
              "code": "typePassword(data.validPassword);\nclickSignIn();\nassertNativeValidationMessage(loginSelectors.username);\nassertFieldInvalid(loginSelectors.username);",
              "err": {},
              "uuid": "34813f00-fc51-4977-933d-23a217ee592f",
              "parentUUID": "ce1cb233-9bc9-4ff1-b645-ccab4217dcdf",
              "isHook": false,
              "skipped": false
            },
            {
              "title": "TC04 - should show native validation when password is blank",
              "fullTitle": "Quess Support - Login Page TC04 - should show native validation when password is blank",
              "timedOut": null,
              "duration": 771,
              "state": "passed",
              "speed": "fast",
              "pass": true,
              "fail": false,
              "pending": false,
              "context": null,
              "code": "typeEmail(data.validEmail);\nclickSignIn();\nassertNativeValidationMessage(loginSelectors.password);\nassertFieldInvalid(loginSelectors.password);",
              "err": {},
              "uuid": "750f50b6-ac7e-4254-a5fc-951c7ba365f0",
              "parentUUID": "ce1cb233-9bc9-4ff1-b645-ccab4217dcdf",
              "isHook": false,
              "skipped": false
            },
            {
              "title": "TC05 - should show native validation when both fields are blank",
              "fullTitle": "Quess Support - Login Page TC05 - should show native validation when both fields are blank",
              "timedOut": null,
              "duration": 256,
              "state": "passed",
              "speed": "fast",
              "pass": true,
              "fail": false,
              "pending": false,
              "context": null,
              "code": "clickSignIn();\nassertNativeValidationMessage(loginSelectors.username);\nassertFieldInvalid(loginSelectors.username);\nassertFieldInvalid(loginSelectors.password);",
              "err": {},
              "uuid": "fb73c849-4782-4cbc-9ee5-d55429bb254f",
              "parentUUID": "ce1cb233-9bc9-4ff1-b645-ccab4217dcdf",
              "isHook": false,
              "skipped": false
            },
            {
              "title": "TC06 - should show validation for invalid email format",
              "fullTitle": "Quess Support - Login Page TC06 - should show validation for invalid email format",
              "timedOut": null,
              "duration": 880,
              "state": "passed",
              "speed": "fast",
              "pass": true,
              "fail": false,
              "pending": false,
              "context": null,
              "code": "typeEmail(data.badEmail);\ntypePassword(data.validPassword);\nclickSignIn();\ncy.get(loginSelectors.username).then($input => {\n  expect($input[0].checkValidity()).to.be.false;\n  expect($input[0].validationMessage).to.not.equal('');\n});",
              "err": {},
              "uuid": "1b191d64-530a-4176-9259-c96e36f76dac",
              "parentUUID": "ce1cb233-9bc9-4ff1-b645-ccab4217dcdf",
              "isHook": false,
              "skipped": false
            },
            {
              "title": "TC07 - should toggle password visibility if eye icon is clickable",
              "fullTitle": "Quess Support - Login Page TC07 - should toggle password visibility if eye icon is clickable",
              "timedOut": null,
              "duration": 627,
              "state": "passed",
              "speed": "fast",
              "pass": true,
              "fail": false,
              "pending": false,
              "context": null,
              "code": "typePassword(data.validPassword);\ncy.get(loginSelectors.password).should('have.attr', 'type').then(initialType => {\n  cy.get(loginSelectors.password).parent().find(passwordToggle).first().then($toggle => {\n    if ($toggle.length) {\n      cy.wrap($toggle).click({\n        force: true\n      });\n      cy.get(loginSelectors.password).invoke('attr', 'type').should(newType => {\n        expect(newType).to.not.equal(initialType);\n      });\n    }\n  });\n});",
              "err": {},
              "uuid": "30edcf6b-0016-439c-84fc-1618910e74eb",
              "parentUUID": "ce1cb233-9bc9-4ff1-b645-ccab4217dcdf",
              "isHook": false,
              "skipped": false
            },
            {
              "title": "TC08 - should login successfully with valid credentials",
              "fullTitle": "Quess Support - Login Page TC08 - should login successfully with valid credentials",
              "timedOut": null,
              "duration": 2699,
              "state": "passed",
              "speed": "fast",
              "pass": true,
              "fail": false,
              "pending": false,
              "context": null,
              "code": "cy.intercept(\"POST\", \"**/login**\").as(\"loginRequest\"); // update endpoint if needed\ntypeEmail(data.validEmail);\ntypePassword(data.validPassword);\nclickSignIn();\ncy.wait(\"@loginRequest\", {\n  timeout: 10000\n}).then(interception => {\n  var _interception$respons;\n  expect((_interception$respons = interception.response) === null || _interception$respons === void 0 ? void 0 : _interception$respons.statusCode).to.be.oneOf([200, 201]);\n});\ncy.url().should(\"not.include\", \"/login\");",
              "err": {},
              "uuid": "47bdcad7-48c0-4a01-a88b-faa447cf1819",
              "parentUUID": "ce1cb233-9bc9-4ff1-b645-ccab4217dcdf",
              "isHook": false,
              "skipped": false
            },
            {
              "title": "TC09 - should show invalid credentials API response",
              "fullTitle": "Quess Support - Login Page TC09 - should show invalid credentials API response",
              "timedOut": null,
              "duration": 1293,
              "state": "passed",
              "speed": "fast",
              "pass": true,
              "fail": false,
              "pending": false,
              "context": null,
              "code": "cy.intercept(\"POST\", \"**/login**\", {\n  statusCode: 401,\n  body: {\n    message: \"Invalid email or password\"\n  }\n}).as(\"loginRequest\");\ntypeEmail(data.invalidEmail);\ntypePassword(data.invalidPassword);\nclickSignIn();\ncy.wait(\"@loginRequest\", {\n  timeout: 10000\n}).then(interception => {\n  expect(interception.response).to.have.property('statusCode', 401);\n  expect(interception.response.body).to.deep.equal({\n    message: 'Invalid email or password'\n  });\n  expect(interception.error).to.be.undefined;\n});",
              "err": {},
              "uuid": "d706e4ad-28ac-49df-b0b3-ad2173b48009",
              "parentUUID": "ce1cb233-9bc9-4ff1-b645-ccab4217dcdf",
              "isHook": false,
              "skipped": false
            },
            {
              "title": "TC10 - should keep Sign in button visible",
              "fullTitle": "Quess Support - Login Page TC10 - should keep Sign in button visible",
              "timedOut": null,
              "duration": 264,
              "state": "passed",
              "speed": "fast",
              "pass": true,
              "fail": false,
              "pending": false,
              "context": null,
              "code": "cy.contains('button', texts.signInButton).should('be.visible');",
              "err": {},
              "uuid": "4a8315d6-2392-49f1-a667-2fe5072a870a",
              "parentUUID": "ce1cb233-9bc9-4ff1-b645-ccab4217dcdf",
              "isHook": false,
              "skipped": false
            },
            {
              "title": "TC11 - should trim whitespace in credentials if configured by frontend",
              "fullTitle": "Quess Support - Login Page TC11 - should trim whitespace in credentials if configured by frontend",
              "timedOut": null,
              "duration": 1293,
              "state": "passed",
              "speed": "fast",
              "pass": true,
              "fail": false,
              "pending": false,
              "context": null,
              "code": "const rawEmail = `   ${data.validEmail}   `;\nconst rawPassword = `   ${data.validPassword}   `;\ncy.get(loginSelectors.username).should('be.visible').clear().type(rawEmail).invoke('val').then(val => {\n  expect(val.trim()).to.equal(data.validEmail);\n});\ncy.get(loginSelectors.password).should('be.visible').clear().type(rawPassword).invoke('val').then(val => {\n  expect(val.trim()).to.equal(data.validPassword);\n});\ncy.intercept('POST', '**/login**', {\n  fixture: 'api/login-success.json'\n}).as('loginRequest');\nclickSignIn();\ncy.wait('@loginRequest').its('response.statusCode').should('be.oneOf', [200, 201]);\n// App behavior may redirect or stay on login; this test validates whitespace handling only.",
              "err": {},
              "uuid": "e591b94e-bbe5-433b-926d-91f2490c7e84",
              "parentUUID": "ce1cb233-9bc9-4ff1-b645-ccab4217dcdf",
              "isHook": false,
              "skipped": false
            },
            {
              "title": "TC12 - should show network error when login endpoint is unreachable",
              "fullTitle": "Quess Support - Login Page TC12 - should show network error when login endpoint is unreachable",
              "timedOut": null,
              "duration": 1142,
              "state": "passed",
              "speed": "fast",
              "pass": true,
              "fail": false,
              "pending": false,
              "context": null,
              "code": "cy.intercept('POST', '**/login**', {\n  forceNetworkError: true\n}).as('loginRequest');\ntypeEmail(data.validEmail);\ntypePassword(data.validPassword);\nclickSignIn();\ncy.wait('@loginRequest').then(interception => {\n  expect(interception.error).to.have.property('message');\n});\n// Interception error assertion is sufficient for a network failure scenario.\ncy.wait('@loginRequest').then(interception => {\n  expect(interception.error).to.have.property('message');\n});",
              "err": {},
              "uuid": "f09c7637-cc0f-439d-8a24-5a35ea6b14d2",
              "parentUUID": "ce1cb233-9bc9-4ff1-b645-ccab4217dcdf",
              "isHook": false,
              "skipped": false
            },
            {
              "title": "TC13 - should show server error for 5xx login responses",
              "fullTitle": "Quess Support - Login Page TC13 - should show server error for 5xx login responses",
              "timedOut": null,
              "duration": 1909,
              "state": "passed",
              "speed": "fast",
              "pass": true,
              "fail": false,
              "pending": false,
              "context": null,
              "code": "cy.intercept('POST', '**/login**', {\n  statusCode: 500,\n  body: {\n    message: 'Internal Server Error'\n  }\n}).as('loginRequest');\ntypeEmail(data.validEmail);\ntypePassword(data.validPassword);\nclickSignIn();\ncy.wait('@loginRequest');\ncy.contains(/server error|Internal Server Error|something went wrong/i).should('be.visible');",
              "err": {},
              "uuid": "4ab32e19-830f-46b1-a0c1-aec29f837194",
              "parentUUID": "ce1cb233-9bc9-4ff1-b645-ccab4217dcdf",
              "isHook": false,
              "skipped": false
            },
            {
              "title": "TC14 - should reject invalid short password",
              "fullTitle": "Quess Support - Login Page TC14 - should reject invalid short password",
              "timedOut": null,
              "duration": 1081,
              "state": "passed",
              "speed": "fast",
              "pass": true,
              "fail": false,
              "pending": false,
              "context": null,
              "code": "typeEmail(data.validEmail);\ntypePassword('a');\nclickSignIn();\ncy.contains(/password.*(min|length)|weak password/i).should('be.visible');",
              "err": {},
              "uuid": "9dcb5f9f-5704-403f-b8ae-0bdad019d3f8",
              "parentUUID": "ce1cb233-9bc9-4ff1-b645-ccab4217dcdf",
              "isHook": false,
              "skipped": false
            }
          ],
          "suites": [],
          "passes": [
            "606ffd48-6f43-40b3-87b2-3c7016dc780f",
            "0b41b91d-7c91-4a9f-994f-b17cc04030f7",
            "34813f00-fc51-4977-933d-23a217ee592f",
            "750f50b6-ac7e-4254-a5fc-951c7ba365f0",
            "fb73c849-4782-4cbc-9ee5-d55429bb254f",
            "1b191d64-530a-4176-9259-c96e36f76dac",
            "30edcf6b-0016-439c-84fc-1618910e74eb",
            "47bdcad7-48c0-4a01-a88b-faa447cf1819",
            "d706e4ad-28ac-49df-b0b3-ad2173b48009",
            "4a8315d6-2392-49f1-a667-2fe5072a870a",
            "e591b94e-bbe5-433b-926d-91f2490c7e84",
            "f09c7637-cc0f-439d-8a24-5a35ea6b14d2",
            "4ab32e19-830f-46b1-a0c1-aec29f837194",
            "9dcb5f9f-5704-403f-b8ae-0bdad019d3f8"
          ],
          "failures": [],
          "pending": [],
          "skipped": [],
          "duration": 15345,
          "root": false,
          "rootEmpty": false,
          "_timeout": 2000
        }
      ],
      "passes": [],
      "failures": [],
      "pending": [],
      "skipped": [],
      "duration": 0,
      "root": true,
      "rootEmpty": true,
      "_timeout": 2000
    }
  ],
  "meta": {
    "mocha": {
      "version": "7.2.0"
    },
    "mochawesome": {
      "options": {
        "quiet": false,
        "reportFilename": "mochawesome",
        "saveHtml": false,
        "saveJson": true,
        "consoleReporter": "spec",
        "useInlineDiffs": false,
        "code": true
      },
      "version": "7.1.4"
    },
    "marge": {
      "options": {
        "reportDir": "cypress/reports",
        "overwrite": false,
        "html": false,
        "json": true
      },
      "version": "6.3.2"
    }
  }
}