{
  "stats": {
    "suites": 1,
    "tests": 14,
    "passes": 12,
    "pending": 0,
    "failures": 2,
    "start": "2026-03-31T19:08:55.357Z",
    "end": "2026-03-31T19:09:22.403Z",
    "duration": 27046,
    "testsRegistered": 14,
    "passPercent": 85.71428571428571,
    "pendingPercent": 0,
    "other": 0,
    "hasOther": false,
    "skipped": 0,
    "hasSkipped": false
  },
  "results": [
    {
      "uuid": "a780ff37-3899-46ab-8137-908fc5ad9a59",
      "title": "",
      "fullFile": "cypress\\e2e\\login.cy.js",
      "file": "cypress\\e2e\\login.cy.js",
      "beforeHooks": [],
      "afterHooks": [],
      "tests": [],
      "suites": [
        {
          "uuid": "16caf8bb-f7e0-485d-ac7f-ec0b1c95acbf",
          "title": "Quess Support - Login Page",
          "fullFile": "",
          "file": "",
          "beforeHooks": [],
          "afterHooks": [],
          "tests": [
            {
              "title": "TC01 - should display login page UI correctly",
              "fullTitle": "Quess Support - Login Page TC01 - should display login page UI correctly",
              "timedOut": null,
              "duration": 1515,
              "state": "passed",
              "speed": "fast",
              "pass": true,
              "fail": false,
              "pending": false,
              "context": null,
              "code": "cy.contains(texts.title).should(\"be.visible\");\ncy.contains(texts.subtitle).should(\"be.visible\");\ncy.contains(texts.emailLabel).should(\"be.visible\");\ncy.contains(texts.passwordLabel).should(\"be.visible\");\ncy.get(loginSelectors.username).should('be.visible').and('have.attr', 'placeholder', 'you@quess.com');\ncy.get(loginSelectors.password).should('be.visible').and('have.attr', 'placeholder', 'Enter your password');\ncy.get(loginSelectors.submit).contains(texts.signInButton).should('be.visible');",
              "err": {},
              "uuid": "7eb13424-cfe4-4183-a894-77f7070d153b",
              "parentUUID": "16caf8bb-f7e0-485d-ac7f-ec0b1c95acbf",
              "isHook": false,
              "skipped": false
            },
            {
              "title": "TC02 - should allow typing email and password",
              "fullTitle": "Quess Support - Login Page TC02 - should allow typing email and password",
              "timedOut": null,
              "duration": 1111,
              "state": "passed",
              "speed": "fast",
              "pass": true,
              "fail": false,
              "pending": false,
              "context": null,
              "code": "typeEmail(data.validEmail);\ntypePassword(data.validPassword);",
              "err": {},
              "uuid": "e1e97332-f6cc-477a-8850-28b5b13d4a8c",
              "parentUUID": "16caf8bb-f7e0-485d-ac7f-ec0b1c95acbf",
              "isHook": false,
              "skipped": false
            },
            {
              "title": "TC03 - should show native validation when email is blank",
              "fullTitle": "Quess Support - Login Page TC03 - should show native validation when email is blank",
              "timedOut": null,
              "duration": 668,
              "state": "passed",
              "speed": "fast",
              "pass": true,
              "fail": false,
              "pending": false,
              "context": null,
              "code": "typePassword(data.validPassword);\nclickSignIn();\nassertNativeValidationMessage(loginSelectors.username);\nassertFieldInvalid(loginSelectors.username);",
              "err": {},
              "uuid": "2ea1fa61-0d9a-4127-b692-0f093b6833bd",
              "parentUUID": "16caf8bb-f7e0-485d-ac7f-ec0b1c95acbf",
              "isHook": false,
              "skipped": false
            },
            {
              "title": "TC04 - should show native validation when password is blank",
              "fullTitle": "Quess Support - Login Page TC04 - should show native validation when password is blank",
              "timedOut": null,
              "duration": 764,
              "state": "passed",
              "speed": "fast",
              "pass": true,
              "fail": false,
              "pending": false,
              "context": null,
              "code": "typeEmail(data.validEmail);\nclickSignIn();\nassertNativeValidationMessage(loginSelectors.password);\nassertFieldInvalid(loginSelectors.password);",
              "err": {},
              "uuid": "ddb4ee57-e4f0-45a4-b58d-7080215969ff",
              "parentUUID": "16caf8bb-f7e0-485d-ac7f-ec0b1c95acbf",
              "isHook": false,
              "skipped": false
            },
            {
              "title": "TC05 - should show native validation when both fields are blank",
              "fullTitle": "Quess Support - Login Page TC05 - should show native validation when both fields are blank",
              "timedOut": null,
              "duration": 309,
              "state": "passed",
              "speed": "fast",
              "pass": true,
              "fail": false,
              "pending": false,
              "context": null,
              "code": "clickSignIn();\nassertNativeValidationMessage(loginSelectors.username);\nassertFieldInvalid(loginSelectors.username);\nassertFieldInvalid(loginSelectors.password);",
              "err": {},
              "uuid": "a529f7ad-735d-4f96-8559-6b592252ecb6",
              "parentUUID": "16caf8bb-f7e0-485d-ac7f-ec0b1c95acbf",
              "isHook": false,
              "skipped": false
            },
            {
              "title": "TC06 - should show validation for invalid email format",
              "fullTitle": "Quess Support - Login Page TC06 - should show validation for invalid email format",
              "timedOut": null,
              "duration": 903,
              "state": "passed",
              "speed": "fast",
              "pass": true,
              "fail": false,
              "pending": false,
              "context": null,
              "code": "typeEmail(data.badEmail);\ntypePassword(data.validPassword);\nclickSignIn();\ncy.get(loginSelectors.username).then($input => {\n  expect($input[0].checkValidity()).to.be.false;\n  expect($input[0].validationMessage).to.not.equal('');\n});",
              "err": {},
              "uuid": "3fbe3f16-dbd7-40ee-bd84-55c8a3108209",
              "parentUUID": "16caf8bb-f7e0-485d-ac7f-ec0b1c95acbf",
              "isHook": false,
              "skipped": false
            },
            {
              "title": "TC07 - should toggle password visibility if eye icon is clickable",
              "fullTitle": "Quess Support - Login Page TC07 - should toggle password visibility if eye icon is clickable",
              "timedOut": null,
              "duration": 682,
              "state": "passed",
              "speed": "fast",
              "pass": true,
              "fail": false,
              "pending": false,
              "context": null,
              "code": "typePassword(data.validPassword);\ncy.get(loginSelectors.password).should('have.attr', 'type').then(initialType => {\n  cy.get(loginSelectors.password).parent().find(passwordToggle).first().then($toggle => {\n    if ($toggle.length) {\n      cy.wrap($toggle).click({\n        force: true\n      });\n      cy.get(loginSelectors.password).invoke('attr', 'type').should(newType => {\n        expect(newType).to.not.equal(initialType);\n      });\n    }\n  });\n});",
              "err": {},
              "uuid": "9e8b8a22-cdc5-4857-b39c-d5dfaaf873d1",
              "parentUUID": "16caf8bb-f7e0-485d-ac7f-ec0b1c95acbf",
              "isHook": false,
              "skipped": false
            },
            {
              "title": "TC08 - should login successfully with valid credentials",
              "fullTitle": "Quess Support - Login Page TC08 - should login successfully with valid credentials",
              "timedOut": null,
              "duration": 3194,
              "state": "passed",
              "speed": "fast",
              "pass": true,
              "fail": false,
              "pending": false,
              "context": null,
              "code": "cy.intercept(\"POST\", \"**/login**\").as(\"loginRequest\"); // update endpoint if needed\ntypeEmail(data.validEmail);\ntypePassword(data.validPassword);\nclickSignIn();\ncy.wait(\"@loginRequest\", {\n  timeout: 10000\n}).then(interception => {\n  var _interception$respons;\n  expect((_interception$respons = interception.response) === null || _interception$respons === void 0 ? void 0 : _interception$respons.statusCode).to.be.oneOf([200, 201]);\n});\ncy.url().should(\"not.include\", \"/login\");",
              "err": {},
              "uuid": "fe8c54ff-57ea-4155-bed3-3e3538a18903",
              "parentUUID": "16caf8bb-f7e0-485d-ac7f-ec0b1c95acbf",
              "isHook": false,
              "skipped": false
            },
            {
              "title": "TC09 - should show invalid credentials API response",
              "fullTitle": "Quess Support - Login Page TC09 - should show invalid credentials API response",
              "timedOut": null,
              "duration": 1235,
              "state": "passed",
              "speed": "fast",
              "pass": true,
              "fail": false,
              "pending": false,
              "context": null,
              "code": "cy.intercept(\"POST\", \"**/login**\", {\n  statusCode: 401,\n  body: {\n    message: \"Invalid email or password\"\n  }\n}).as(\"loginRequest\");\ntypeEmail(data.invalidEmail);\ntypePassword(data.invalidPassword);\nclickSignIn();\ncy.wait(\"@loginRequest\", {\n  timeout: 10000\n}).then(interception => {\n  expect(interception.response).to.have.property('statusCode', 401);\n  expect(interception.response.body).to.deep.equal({\n    message: 'Invalid email or password'\n  });\n  expect(interception.error).to.be.undefined;\n});",
              "err": {},
              "uuid": "e34cfb09-7d00-45f1-b496-a6af18c4b439",
              "parentUUID": "16caf8bb-f7e0-485d-ac7f-ec0b1c95acbf",
              "isHook": false,
              "skipped": false
            },
            {
              "title": "TC10 - should keep Sign in button visible",
              "fullTitle": "Quess Support - Login Page TC10 - should keep Sign in button visible",
              "timedOut": null,
              "duration": 185,
              "state": "passed",
              "speed": "fast",
              "pass": true,
              "fail": false,
              "pending": false,
              "context": null,
              "code": "cy.contains('button', texts.signInButton).should('be.visible');",
              "err": {},
              "uuid": "950d3119-da5e-4c92-9e4d-d82ba6dee42f",
              "parentUUID": "16caf8bb-f7e0-485d-ac7f-ec0b1c95acbf",
              "isHook": false,
              "skipped": false
            },
            {
              "title": "TC11 - should trim whitespace in credentials if configured by frontend",
              "fullTitle": "Quess Support - Login Page TC11 - should trim whitespace in credentials if configured by frontend",
              "timedOut": null,
              "duration": 11259,
              "state": "failed",
              "speed": null,
              "pass": false,
              "fail": true,
              "pending": false,
              "context": null,
              "code": "const rawEmail = `   ${data.validEmail}   `;\nconst rawPassword = `   ${data.validPassword}   `;\ntypeEmail(rawEmail);\ntypePassword(rawPassword);\n// if app trims on input, verify trimmed state\ncy.get(loginSelectors.username).should('have.value', data.validEmail);\ncy.get(loginSelectors.password).should('have.value', data.validPassword);\ncy.intercept('POST', '**/login**', {\n  fixture: 'api/login-success.json'\n}).as('loginRequest');\nclickSignIn();\ncy.wait('@loginRequest').its('response.statusCode').should('be.oneOf', [200, 201]);\ncy.url().should('not.include', '/login');",
              "err": {
                "message": "AssertionError: Timed out retrying after 10310ms: expected '<input#email.h-8.w-full.min-w-0.rounded-lg.border.border-input.bg-transparent.px-2.5.py-1.text-base.transition-colors.outline-none.file:inline-flex.file:h-6.file:border-0.file:bg-transparent.file:text-sm.file:font-medium.file:text-foreground.placeholder:text-muted-foreground.focus-visible:border-ring.focus-visible:ring-3.focus-visible:ring-ring/50.disabled:pointer-events-none.disabled:cursor-not-allowed.disabled:bg-input/50.disabled:opacity-50.aria-invalid:border-destructive.aria-invalid:ring-3.aria-invalid:ring-destructive/20.md:text-sm.dark:bg-input/30.dark:disabled:bg-input/80.dark:aria-invalid:border-destructive/50.dark:aria-invalid:ring-destructive/40>' to have value '   agent@mailinator.com   ', but the value was 'agent@mailinator.com'",
                "estack": "AssertionError: Timed out retrying after 10310ms: expected '<input#email.h-8.w-full.min-w-0.rounded-lg.border.border-input.bg-transparent.px-2.5.py-1.text-base.transition-colors.outline-none.file:inline-flex.file:h-6.file:border-0.file:bg-transparent.file:text-sm.file:font-medium.file:text-foreground.placeholder:text-muted-foreground.focus-visible:border-ring.focus-visible:ring-3.focus-visible:ring-ring/50.disabled:pointer-events-none.disabled:cursor-not-allowed.disabled:bg-input/50.disabled:opacity-50.aria-invalid:border-destructive.aria-invalid:ring-3.aria-invalid:ring-destructive/20.md:text-sm.dark:bg-input/30.dark:disabled:bg-input/80.dark:aria-invalid:border-destructive/50.dark:aria-invalid:ring-destructive/40>' to have value '   agent@mailinator.com   ', but the value was 'agent@mailinator.com'\n    at typeEmail (webpack://quessai_cypress/./cypress/e2e/login.cy.js:50:7)\n    at Context.eval (webpack://quessai_cypress/./cypress/e2e/login.cy.js:200:4)",
                "diff": "- 'agent@mailinator.com'\n+ '   agent@mailinator.com   '\n"
              },
              "uuid": "4978b456-b05e-4812-93c3-5a1c7ead13ed",
              "parentUUID": "16caf8bb-f7e0-485d-ac7f-ec0b1c95acbf",
              "isHook": false,
              "skipped": false
            },
            {
              "title": "TC12 - should show network error when login endpoint is unreachable",
              "fullTitle": "Quess Support - Login Page TC12 - should show network error when login endpoint is unreachable",
              "timedOut": null,
              "duration": 1718,
              "state": "failed",
              "speed": null,
              "pass": false,
              "fail": true,
              "pending": false,
              "context": null,
              "code": "cy.intercept('POST', '**/login**', {\n  forceNetworkError: true\n}).as('loginRequest');\ntypeEmail(data.validEmail);\ntypePassword(data.validPassword);\nclickSignIn();\ncy.wait('@loginRequest').then(interception => {\n  expect(interception.error).to.have.property('message');\n});\n// Accept either explicit message or no message path — we only require an error state\ncy.get('body').then($body => {\n  const hasErrorText = /network|offline|failed|unable to connect|service unavailable/i.test($body.text());\n  expect(hasErrorText).to.be.true;\n});",
              "err": {
                "message": "AssertionError: expected false to be true",
                "estack": "AssertionError: expected false to be true\n    at Context.eval (webpack://quessai_cypress/./cypress/e2e/login.cy.js:228:33)\n    at getRet (https://qts-dev.quesscorp.com/__cypress/runner/cypress_runner.js:122798:20)\n    at tryCatcher (https://qts-dev.quesscorp.com/__cypress/runner/cypress_runner.js:1777:23)\n    at Promise.attempt.Promise.try (https://qts-dev.quesscorp.com/__cypress/runner/cypress_runner.js:4285:29)\n    at Context.thenFn (https://qts-dev.quesscorp.com/__cypress/runner/cypress_runner.js:122809:66)",
                "diff": null
              },
              "uuid": "abdf4e2c-c433-46aa-9ffe-8d2c8687ca2a",
              "parentUUID": "16caf8bb-f7e0-485d-ac7f-ec0b1c95acbf",
              "isHook": false,
              "skipped": false
            },
            {
              "title": "TC13 - should show server error for 5xx login responses",
              "fullTitle": "Quess Support - Login Page TC13 - should show server error for 5xx login responses",
              "timedOut": null,
              "duration": 1781,
              "state": "passed",
              "speed": "fast",
              "pass": true,
              "fail": false,
              "pending": false,
              "context": null,
              "code": "cy.intercept('POST', '**/login**', {\n  statusCode: 500,\n  body: {\n    message: 'Internal Server Error'\n  }\n}).as('loginRequest');\ntypeEmail(data.validEmail);\ntypePassword(data.validPassword);\nclickSignIn();\ncy.wait('@loginRequest');\ncy.contains(/server error|Internal Server Error|something went wrong/i).should('be.visible');",
              "err": {},
              "uuid": "b36a51b6-5e5d-42f3-ac3b-f7333eb34955",
              "parentUUID": "16caf8bb-f7e0-485d-ac7f-ec0b1c95acbf",
              "isHook": false,
              "skipped": false
            },
            {
              "title": "TC14 - should reject invalid short password",
              "fullTitle": "Quess Support - Login Page TC14 - should reject invalid short password",
              "timedOut": null,
              "duration": 1037,
              "state": "passed",
              "speed": "fast",
              "pass": true,
              "fail": false,
              "pending": false,
              "context": null,
              "code": "typeEmail(data.validEmail);\ntypePassword('a');\nclickSignIn();\ncy.contains(/password.*(min|length)|weak password/i).should('be.visible');",
              "err": {},
              "uuid": "9b103366-aa11-4b95-bbc9-c8d0653e6d5e",
              "parentUUID": "16caf8bb-f7e0-485d-ac7f-ec0b1c95acbf",
              "isHook": false,
              "skipped": false
            }
          ],
          "suites": [],
          "passes": [
            "7eb13424-cfe4-4183-a894-77f7070d153b",
            "e1e97332-f6cc-477a-8850-28b5b13d4a8c",
            "2ea1fa61-0d9a-4127-b692-0f093b6833bd",
            "ddb4ee57-e4f0-45a4-b58d-7080215969ff",
            "a529f7ad-735d-4f96-8559-6b592252ecb6",
            "3fbe3f16-dbd7-40ee-bd84-55c8a3108209",
            "9e8b8a22-cdc5-4857-b39c-d5dfaaf873d1",
            "fe8c54ff-57ea-4155-bed3-3e3538a18903",
            "e34cfb09-7d00-45f1-b496-a6af18c4b439",
            "950d3119-da5e-4c92-9e4d-d82ba6dee42f",
            "b36a51b6-5e5d-42f3-ac3b-f7333eb34955",
            "9b103366-aa11-4b95-bbc9-c8d0653e6d5e"
          ],
          "failures": [
            "4978b456-b05e-4812-93c3-5a1c7ead13ed",
            "abdf4e2c-c433-46aa-9ffe-8d2c8687ca2a"
          ],
          "pending": [],
          "skipped": [],
          "duration": 26361,
          "root": false,
          "rootEmpty": false,
          "_timeout": 2000
        }
      ],
      "passes": [],
      "failures": [],
      "pending": [],
      "skipped": [],
      "duration": 0,
      "root": true,
      "rootEmpty": true,
      "_timeout": 2000
    }
  ],
  "meta": {
    "mocha": {
      "version": "7.2.0"
    },
    "mochawesome": {
      "options": {
        "quiet": false,
        "reportFilename": "mochawesome",
        "saveHtml": false,
        "saveJson": true,
        "consoleReporter": "spec",
        "useInlineDiffs": false,
        "code": true
      },
      "version": "7.1.4"
    },
    "marge": {
      "options": {
        "reportDir": "cypress/reports",
        "overwrite": false,
        "html": false,
        "json": true
      },
      "version": "6.3.2"
    }
  }
}