{
  "stats": {
    "suites": 1,
    "tests": 14,
    "passes": 13,
    "pending": 0,
    "failures": 1,
    "start": "2026-03-31T19:11:51.055Z",
    "end": "2026-03-31T19:12:17.198Z",
    "duration": 26143,
    "testsRegistered": 14,
    "passPercent": 92.85714285714286,
    "pendingPercent": 0,
    "other": 0,
    "hasOther": false,
    "skipped": 0,
    "hasSkipped": false
  },
  "results": [
    {
      "uuid": "e74dcbfc-388e-4237-83e8-45c0c3871dc3",
      "title": "",
      "fullFile": "cypress\\e2e\\login.cy.js",
      "file": "cypress\\e2e\\login.cy.js",
      "beforeHooks": [],
      "afterHooks": [],
      "tests": [],
      "suites": [
        {
          "uuid": "bdb26f88-5f15-49a4-8936-41785fecf553",
          "title": "Quess Support - Login Page",
          "fullFile": "",
          "file": "",
          "beforeHooks": [],
          "afterHooks": [],
          "tests": [
            {
              "title": "TC01 - should display login page UI correctly",
              "fullTitle": "Quess Support - Login Page TC01 - should display login page UI correctly",
              "timedOut": null,
              "duration": 1455,
              "state": "passed",
              "speed": "fast",
              "pass": true,
              "fail": false,
              "pending": false,
              "context": null,
              "code": "cy.contains(texts.title).should(\"be.visible\");\ncy.contains(texts.subtitle).should(\"be.visible\");\ncy.contains(texts.emailLabel).should(\"be.visible\");\ncy.contains(texts.passwordLabel).should(\"be.visible\");\ncy.get(loginSelectors.username).should('be.visible').and('have.attr', 'placeholder', 'you@quess.com');\ncy.get(loginSelectors.password).should('be.visible').and('have.attr', 'placeholder', 'Enter your password');\ncy.get(loginSelectors.submit).contains(texts.signInButton).should('be.visible');",
              "err": {},
              "uuid": "6390e782-0833-42e6-ac0d-362450485a50",
              "parentUUID": "bdb26f88-5f15-49a4-8936-41785fecf553",
              "isHook": false,
              "skipped": false
            },
            {
              "title": "TC02 - should allow typing email and password",
              "fullTitle": "Quess Support - Login Page TC02 - should allow typing email and password",
              "timedOut": null,
              "duration": 1075,
              "state": "passed",
              "speed": "fast",
              "pass": true,
              "fail": false,
              "pending": false,
              "context": null,
              "code": "typeEmail(data.validEmail);\ntypePassword(data.validPassword);",
              "err": {},
              "uuid": "25f0a6e4-b449-45fd-b660-49860920642b",
              "parentUUID": "bdb26f88-5f15-49a4-8936-41785fecf553",
              "isHook": false,
              "skipped": false
            },
            {
              "title": "TC03 - should show native validation when email is blank",
              "fullTitle": "Quess Support - Login Page TC03 - should show native validation when email is blank",
              "timedOut": null,
              "duration": 613,
              "state": "passed",
              "speed": "fast",
              "pass": true,
              "fail": false,
              "pending": false,
              "context": null,
              "code": "typePassword(data.validPassword);\nclickSignIn();\nassertNativeValidationMessage(loginSelectors.username);\nassertFieldInvalid(loginSelectors.username);",
              "err": {},
              "uuid": "5f96468a-3161-4144-ac36-66cec684c754",
              "parentUUID": "bdb26f88-5f15-49a4-8936-41785fecf553",
              "isHook": false,
              "skipped": false
            },
            {
              "title": "TC04 - should show native validation when password is blank",
              "fullTitle": "Quess Support - Login Page TC04 - should show native validation when password is blank",
              "timedOut": null,
              "duration": 817,
              "state": "passed",
              "speed": "fast",
              "pass": true,
              "fail": false,
              "pending": false,
              "context": null,
              "code": "typeEmail(data.validEmail);\nclickSignIn();\nassertNativeValidationMessage(loginSelectors.password);\nassertFieldInvalid(loginSelectors.password);",
              "err": {},
              "uuid": "b84cd2a1-9523-401c-9650-c8bab8a8af86",
              "parentUUID": "bdb26f88-5f15-49a4-8936-41785fecf553",
              "isHook": false,
              "skipped": false
            },
            {
              "title": "TC05 - should show native validation when both fields are blank",
              "fullTitle": "Quess Support - Login Page TC05 - should show native validation when both fields are blank",
              "timedOut": null,
              "duration": 287,
              "state": "passed",
              "speed": "fast",
              "pass": true,
              "fail": false,
              "pending": false,
              "context": null,
              "code": "clickSignIn();\nassertNativeValidationMessage(loginSelectors.username);\nassertFieldInvalid(loginSelectors.username);\nassertFieldInvalid(loginSelectors.password);",
              "err": {},
              "uuid": "2d4a03a5-24a4-4b4c-9f4f-ed3781e4cb9d",
              "parentUUID": "bdb26f88-5f15-49a4-8936-41785fecf553",
              "isHook": false,
              "skipped": false
            },
            {
              "title": "TC06 - should show validation for invalid email format",
              "fullTitle": "Quess Support - Login Page TC06 - should show validation for invalid email format",
              "timedOut": null,
              "duration": 906,
              "state": "passed",
              "speed": "fast",
              "pass": true,
              "fail": false,
              "pending": false,
              "context": null,
              "code": "typeEmail(data.badEmail);\ntypePassword(data.validPassword);\nclickSignIn();\ncy.get(loginSelectors.username).then($input => {\n  expect($input[0].checkValidity()).to.be.false;\n  expect($input[0].validationMessage).to.not.equal('');\n});",
              "err": {},
              "uuid": "87ae7960-dbab-4d34-9eb1-b83ee9894471",
              "parentUUID": "bdb26f88-5f15-49a4-8936-41785fecf553",
              "isHook": false,
              "skipped": false
            },
            {
              "title": "TC07 - should toggle password visibility if eye icon is clickable",
              "fullTitle": "Quess Support - Login Page TC07 - should toggle password visibility if eye icon is clickable",
              "timedOut": null,
              "duration": 662,
              "state": "passed",
              "speed": "fast",
              "pass": true,
              "fail": false,
              "pending": false,
              "context": null,
              "code": "typePassword(data.validPassword);\ncy.get(loginSelectors.password).should('have.attr', 'type').then(initialType => {\n  cy.get(loginSelectors.password).parent().find(passwordToggle).first().then($toggle => {\n    if ($toggle.length) {\n      cy.wrap($toggle).click({\n        force: true\n      });\n      cy.get(loginSelectors.password).invoke('attr', 'type').should(newType => {\n        expect(newType).to.not.equal(initialType);\n      });\n    }\n  });\n});",
              "err": {},
              "uuid": "a88eb251-6770-4bc1-97df-553aab7721ad",
              "parentUUID": "bdb26f88-5f15-49a4-8936-41785fecf553",
              "isHook": false,
              "skipped": false
            },
            {
              "title": "TC08 - should login successfully with valid credentials",
              "fullTitle": "Quess Support - Login Page TC08 - should login successfully with valid credentials",
              "timedOut": null,
              "duration": 2679,
              "state": "passed",
              "speed": "fast",
              "pass": true,
              "fail": false,
              "pending": false,
              "context": null,
              "code": "cy.intercept(\"POST\", \"**/login**\").as(\"loginRequest\"); // update endpoint if needed\ntypeEmail(data.validEmail);\ntypePassword(data.validPassword);\nclickSignIn();\ncy.wait(\"@loginRequest\", {\n  timeout: 10000\n}).then(interception => {\n  var _interception$respons;\n  expect((_interception$respons = interception.response) === null || _interception$respons === void 0 ? void 0 : _interception$respons.statusCode).to.be.oneOf([200, 201]);\n});\ncy.url().should(\"not.include\", \"/login\");",
              "err": {},
              "uuid": "a03988ac-7021-4c63-bd5e-c99f4554c8a6",
              "parentUUID": "bdb26f88-5f15-49a4-8936-41785fecf553",
              "isHook": false,
              "skipped": false
            },
            {
              "title": "TC09 - should show invalid credentials API response",
              "fullTitle": "Quess Support - Login Page TC09 - should show invalid credentials API response",
              "timedOut": null,
              "duration": 1335,
              "state": "passed",
              "speed": "fast",
              "pass": true,
              "fail": false,
              "pending": false,
              "context": null,
              "code": "cy.intercept(\"POST\", \"**/login**\", {\n  statusCode: 401,\n  body: {\n    message: \"Invalid email or password\"\n  }\n}).as(\"loginRequest\");\ntypeEmail(data.invalidEmail);\ntypePassword(data.invalidPassword);\nclickSignIn();\ncy.wait(\"@loginRequest\", {\n  timeout: 10000\n}).then(interception => {\n  expect(interception.response).to.have.property('statusCode', 401);\n  expect(interception.response.body).to.deep.equal({\n    message: 'Invalid email or password'\n  });\n  expect(interception.error).to.be.undefined;\n});",
              "err": {},
              "uuid": "6136154d-a5e8-4a53-84bc-3b162e1db04c",
              "parentUUID": "bdb26f88-5f15-49a4-8936-41785fecf553",
              "isHook": false,
              "skipped": false
            },
            {
              "title": "TC10 - should keep Sign in button visible",
              "fullTitle": "Quess Support - Login Page TC10 - should keep Sign in button visible",
              "timedOut": null,
              "duration": 227,
              "state": "passed",
              "speed": "fast",
              "pass": true,
              "fail": false,
              "pending": false,
              "context": null,
              "code": "cy.contains('button', texts.signInButton).should('be.visible');",
              "err": {},
              "uuid": "66835716-6cb5-4642-bc00-3a9c815311d9",
              "parentUUID": "bdb26f88-5f15-49a4-8936-41785fecf553",
              "isHook": false,
              "skipped": false
            },
            {
              "title": "TC11 - should trim whitespace in credentials if configured by frontend",
              "fullTitle": "Quess Support - Login Page TC11 - should trim whitespace in credentials if configured by frontend",
              "timedOut": null,
              "duration": 11431,
              "state": "failed",
              "speed": null,
              "pass": false,
              "fail": true,
              "pending": false,
              "context": null,
              "code": "const rawEmail = `   ${data.validEmail}   `;\nconst rawPassword = `   ${data.validPassword}   `;\ncy.get(loginSelectors.username).should('be.visible').clear().type(rawEmail).invoke('val').then(val => {\n  expect(val.trim()).to.equal(data.validEmail);\n});\ncy.get(loginSelectors.password).should('be.visible').clear().type(rawPassword).invoke('val').then(val => {\n  expect(val.trim()).to.equal(data.validPassword);\n});\ncy.intercept('POST', '**/login**', {\n  fixture: 'api/login-success.json'\n}).as('loginRequest');\nclickSignIn();\ncy.wait('@loginRequest').its('response.statusCode').should('be.oneOf', [200, 201]);\ncy.url().should('not.include', '/login');",
              "err": {
                "message": "AssertionError: Timed out retrying after 10000ms: expected 'https://qts-dev.quesscorp.com/login' to not include '/login'",
                "estack": "AssertionError: Timed out retrying after 10000ms: expected 'https://qts-dev.quesscorp.com/login' to not include '/login'\n    at Context.eval (webpack://quessai_cypress/./cypress/e2e/login.cy.js:222:13)",
                "diff": null
              },
              "uuid": "31f72ce1-ae97-45a6-b797-d143e2fc93fb",
              "parentUUID": "bdb26f88-5f15-49a4-8936-41785fecf553",
              "isHook": false,
              "skipped": false
            },
            {
              "title": "TC12 - should show network error when login endpoint is unreachable",
              "fullTitle": "Quess Support - Login Page TC12 - should show network error when login endpoint is unreachable",
              "timedOut": null,
              "duration": 1447,
              "state": "passed",
              "speed": "fast",
              "pass": true,
              "fail": false,
              "pending": false,
              "context": null,
              "code": "cy.intercept('POST', '**/login**', {\n  forceNetworkError: true\n}).as('loginRequest');\ntypeEmail(data.validEmail);\ntypePassword(data.validPassword);\nclickSignIn();\ncy.wait('@loginRequest').then(interception => {\n  expect(interception.error).to.have.property('message');\n});\n// Interception error assertion is sufficient for a network failure scenario.\ncy.wait('@loginRequest').then(interception => {\n  expect(interception.error).to.have.property('message');\n});",
              "err": {},
              "uuid": "51c4a866-5902-44e6-8546-a6f098b7b412",
              "parentUUID": "bdb26f88-5f15-49a4-8936-41785fecf553",
              "isHook": false,
              "skipped": false
            },
            {
              "title": "TC13 - should show server error for 5xx login responses",
              "fullTitle": "Quess Support - Login Page TC13 - should show server error for 5xx login responses",
              "timedOut": null,
              "duration": 1479,
              "state": "passed",
              "speed": "fast",
              "pass": true,
              "fail": false,
              "pending": false,
              "context": null,
              "code": "cy.intercept('POST', '**/login**', {\n  statusCode: 500,\n  body: {\n    message: 'Internal Server Error'\n  }\n}).as('loginRequest');\ntypeEmail(data.validEmail);\ntypePassword(data.validPassword);\nclickSignIn();\ncy.wait('@loginRequest');\ncy.contains(/server error|Internal Server Error|something went wrong/i).should('be.visible');",
              "err": {},
              "uuid": "75dcf1d7-51d1-4eff-8231-68ddbc3e533d",
              "parentUUID": "bdb26f88-5f15-49a4-8936-41785fecf553",
              "isHook": false,
              "skipped": false
            },
            {
              "title": "TC14 - should reject invalid short password",
              "fullTitle": "Quess Support - Login Page TC14 - should reject invalid short password",
              "timedOut": null,
              "duration": 1137,
              "state": "passed",
              "speed": "fast",
              "pass": true,
              "fail": false,
              "pending": false,
              "context": null,
              "code": "typeEmail(data.validEmail);\ntypePassword('a');\nclickSignIn();\ncy.contains(/password.*(min|length)|weak password/i).should('be.visible');",
              "err": {},
              "uuid": "0a3d26a7-23d2-46b5-9f29-a26ab01e9b20",
              "parentUUID": "bdb26f88-5f15-49a4-8936-41785fecf553",
              "isHook": false,
              "skipped": false
            }
          ],
          "suites": [],
          "passes": [
            "6390e782-0833-42e6-ac0d-362450485a50",
            "25f0a6e4-b449-45fd-b660-49860920642b",
            "5f96468a-3161-4144-ac36-66cec684c754",
            "b84cd2a1-9523-401c-9650-c8bab8a8af86",
            "2d4a03a5-24a4-4b4c-9f4f-ed3781e4cb9d",
            "87ae7960-dbab-4d34-9eb1-b83ee9894471",
            "a88eb251-6770-4bc1-97df-553aab7721ad",
            "a03988ac-7021-4c63-bd5e-c99f4554c8a6",
            "6136154d-a5e8-4a53-84bc-3b162e1db04c",
            "66835716-6cb5-4642-bc00-3a9c815311d9",
            "51c4a866-5902-44e6-8546-a6f098b7b412",
            "75dcf1d7-51d1-4eff-8231-68ddbc3e533d",
            "0a3d26a7-23d2-46b5-9f29-a26ab01e9b20"
          ],
          "failures": [
            "31f72ce1-ae97-45a6-b797-d143e2fc93fb"
          ],
          "pending": [],
          "skipped": [],
          "duration": 25550,
          "root": false,
          "rootEmpty": false,
          "_timeout": 2000
        }
      ],
      "passes": [],
      "failures": [],
      "pending": [],
      "skipped": [],
      "duration": 0,
      "root": true,
      "rootEmpty": true,
      "_timeout": 2000
    }
  ],
  "meta": {
    "mocha": {
      "version": "7.2.0"
    },
    "mochawesome": {
      "options": {
        "quiet": false,
        "reportFilename": "mochawesome",
        "saveHtml": false,
        "saveJson": true,
        "consoleReporter": "spec",
        "useInlineDiffs": false,
        "code": true
      },
      "version": "7.1.4"
    },
    "marge": {
      "options": {
        "reportDir": "cypress/reports",
        "overwrite": false,
        "html": false,
        "json": true
      },
      "version": "6.3.2"
    }
  }
}