{
  "stats": {
    "suites": 1,
    "tests": 10,
    "passes": 4,
    "pending": 0,
    "failures": 6,
    "start": "2026-03-31T19:00:43.266Z",
    "end": "2026-03-31T19:00:52.769Z",
    "duration": 9503,
    "testsRegistered": 10,
    "passPercent": 40,
    "pendingPercent": 0,
    "other": 0,
    "hasOther": false,
    "skipped": 0,
    "hasSkipped": false
  },
  "results": [
    {
      "uuid": "99ce725b-c10d-4c4f-bf38-9dba5dda30bc",
      "title": "",
      "fullFile": "cypress\\e2e\\login.cy.js",
      "file": "cypress\\e2e\\login.cy.js",
      "beforeHooks": [],
      "afterHooks": [],
      "tests": [],
      "suites": [
        {
          "uuid": "42358a7e-cf7c-47bd-8814-b9e2ddf616d0",
          "title": "Quess Support - Login Page",
          "fullFile": "",
          "file": "",
          "beforeHooks": [],
          "afterHooks": [],
          "tests": [
            {
              "title": "TC01 - should display login page UI correctly",
              "fullTitle": "Quess Support - Login Page TC01 - should display login page UI correctly",
              "timedOut": null,
              "duration": 1457,
              "state": "passed",
              "speed": "fast",
              "pass": true,
              "fail": false,
              "pending": false,
              "context": null,
              "code": "cy.contains(texts.title).should(\"be.visible\");\ncy.contains(texts.subtitle).should(\"be.visible\");\ncy.contains(texts.emailLabel).should(\"be.visible\");\ncy.contains(texts.passwordLabel).should(\"be.visible\");\ncy.get(loginSelectors.username).should('be.visible').and('have.attr', 'placeholder', 'you@quess.com');\ncy.get(loginSelectors.password).should('be.visible').and('have.attr', 'placeholder', 'Enter your password');\ncy.get(loginSelectors.submit).contains(texts.signInButton).should('be.visible');",
              "err": {},
              "uuid": "fea58eda-39d2-4a57-9f8d-4758cabdbc32",
              "parentUUID": "42358a7e-cf7c-47bd-8814-b9e2ddf616d0",
              "isHook": false,
              "skipped": false
            },
            {
              "title": "TC02 - should allow typing email and password",
              "fullTitle": "Quess Support - Login Page TC02 - should allow typing email and password",
              "timedOut": null,
              "duration": 1098,
              "state": "passed",
              "speed": "fast",
              "pass": true,
              "fail": false,
              "pending": false,
              "context": null,
              "code": "typeEmail(data.validEmail);\ntypePassword(data.validPassword);",
              "err": {},
              "uuid": "9ec20e44-1dcf-474f-80bd-04148a4bb7be",
              "parentUUID": "42358a7e-cf7c-47bd-8814-b9e2ddf616d0",
              "isHook": false,
              "skipped": false
            },
            {
              "title": "TC03 - should show native validation when email is blank",
              "fullTitle": "Quess Support - Login Page TC03 - should show native validation when email is blank",
              "timedOut": null,
              "duration": 716,
              "state": "failed",
              "speed": null,
              "pass": false,
              "fail": true,
              "pending": false,
              "context": null,
              "code": "typePassword(data.validPassword);\nclickSignIn();\nassertNativeValidationMessage(loginSelectors.username);\nassertFieldInvalid(loginSelectors.username);",
              "err": {
                "message": "CypressError: `cy.click()` can only be called on a single element. Your subject contained 2 elements. Pass `{ multiple: true }` if you want to serially click each element.\n\nhttps://on.cypress.io/click",
                "estack": "CypressError: `cy.click()` can only be called on a single element. Your subject contained 2 elements. Pass `{ multiple: true }` if you want to serially click each element.\n\nhttps://on.cypress.io/click\n    at mouseAction (https://qts-dev.quesscorp.com/__cypress/runner/cypress_runner.js:114741:68)\n    at Context.click (https://qts-dev.quesscorp.com/__cypress/runner/cypress_runner.js:114908:14)\n    at wrapped (https://qts-dev.quesscorp.com/__cypress/runner/cypress_runner.js:146287:19)\n    at <unknown> (https://qts-dev.quesscorp.com/__cypress/runner/cypress_runner.js:152285:15)\n    at tryCatcher (https://qts-dev.quesscorp.com/__cypress/runner/cypress_runner.js:1777:23)\n    at Promise._settlePromiseFromHandler (https://qts-dev.quesscorp.com/__cypress/runner/cypress_runner.js:1489:31)\n    at Promise._settlePromise (https://qts-dev.quesscorp.com/__cypress/runner/cypress_runner.js:1546:18)\n    at Promise._settlePromiseCtx (https://qts-dev.quesscorp.com/__cypress/runner/cypress_runner.js:1583:10)\n    at _drainQueueStep (https://qts-dev.quesscorp.com/__cypress/runner/cypress_runner.js:2381:12)\n    at _drainQueue (https://qts-dev.quesscorp.com/__cypress/runner/cypress_runner.js:2370:9)\n    at Async._drainQueues (https://qts-dev.quesscorp.com/__cypress/runner/cypress_runner.js:2386:5)\n    at Async.drainQueues (https://qts-dev.quesscorp.com/__cypress/runner/cypress_runner.js:2256:14)",
                "diff": null
              },
              "uuid": "d14c2111-edb2-4e6e-85dc-d60f771f1706",
              "parentUUID": "42358a7e-cf7c-47bd-8814-b9e2ddf616d0",
              "isHook": false,
              "skipped": false
            },
            {
              "title": "TC04 - should show native validation when password is blank",
              "fullTitle": "Quess Support - Login Page TC04 - should show native validation when password is blank",
              "timedOut": null,
              "duration": 871,
              "state": "failed",
              "speed": null,
              "pass": false,
              "fail": true,
              "pending": false,
              "context": null,
              "code": "typeEmail(data.validEmail);\nclickSignIn();\nassertNativeValidationMessage(loginSelectors.password);\nassertFieldInvalid(loginSelectors.password);",
              "err": {
                "message": "CypressError: `cy.click()` can only be called on a single element. Your subject contained 2 elements. Pass `{ multiple: true }` if you want to serially click each element.\n\nhttps://on.cypress.io/click",
                "estack": "CypressError: `cy.click()` can only be called on a single element. Your subject contained 2 elements. Pass `{ multiple: true }` if you want to serially click each element.\n\nhttps://on.cypress.io/click\n    at mouseAction (https://qts-dev.quesscorp.com/__cypress/runner/cypress_runner.js:114741:68)\n    at Context.click (https://qts-dev.quesscorp.com/__cypress/runner/cypress_runner.js:114908:14)\n    at wrapped (https://qts-dev.quesscorp.com/__cypress/runner/cypress_runner.js:146287:19)\n    at <unknown> (https://qts-dev.quesscorp.com/__cypress/runner/cypress_runner.js:152285:15)\n    at tryCatcher (https://qts-dev.quesscorp.com/__cypress/runner/cypress_runner.js:1777:23)\n    at Promise._settlePromiseFromHandler (https://qts-dev.quesscorp.com/__cypress/runner/cypress_runner.js:1489:31)\n    at Promise._settlePromise (https://qts-dev.quesscorp.com/__cypress/runner/cypress_runner.js:1546:18)\n    at Promise._settlePromiseCtx (https://qts-dev.quesscorp.com/__cypress/runner/cypress_runner.js:1583:10)\n    at _drainQueueStep (https://qts-dev.quesscorp.com/__cypress/runner/cypress_runner.js:2381:12)\n    at _drainQueue (https://qts-dev.quesscorp.com/__cypress/runner/cypress_runner.js:2370:9)\n    at Async._drainQueues (https://qts-dev.quesscorp.com/__cypress/runner/cypress_runner.js:2386:5)\n    at Async.drainQueues (https://qts-dev.quesscorp.com/__cypress/runner/cypress_runner.js:2256:14)",
                "diff": null
              },
              "uuid": "0490c56d-7c19-4116-a7a6-01fd22965e5a",
              "parentUUID": "42358a7e-cf7c-47bd-8814-b9e2ddf616d0",
              "isHook": false,
              "skipped": false
            },
            {
              "title": "TC05 - should show native validation when both fields are blank",
              "fullTitle": "Quess Support - Login Page TC05 - should show native validation when both fields are blank",
              "timedOut": null,
              "duration": 337,
              "state": "failed",
              "speed": null,
              "pass": false,
              "fail": true,
              "pending": false,
              "context": null,
              "code": "clickSignIn();\nassertNativeValidationMessage(loginSelectors.username);\nassertFieldInvalid(loginSelectors.username);\nassertFieldInvalid(loginSelectors.password);",
              "err": {
                "message": "CypressError: `cy.click()` can only be called on a single element. Your subject contained 2 elements. Pass `{ multiple: true }` if you want to serially click each element.\n\nhttps://on.cypress.io/click",
                "estack": "CypressError: `cy.click()` can only be called on a single element. Your subject contained 2 elements. Pass `{ multiple: true }` if you want to serially click each element.\n\nhttps://on.cypress.io/click\n    at mouseAction (https://qts-dev.quesscorp.com/__cypress/runner/cypress_runner.js:114741:68)\n    at Context.click (https://qts-dev.quesscorp.com/__cypress/runner/cypress_runner.js:114908:14)\n    at wrapped (https://qts-dev.quesscorp.com/__cypress/runner/cypress_runner.js:146287:19)\n    at <unknown> (https://qts-dev.quesscorp.com/__cypress/runner/cypress_runner.js:152285:15)\n    at tryCatcher (https://qts-dev.quesscorp.com/__cypress/runner/cypress_runner.js:1777:23)\n    at Promise._settlePromiseFromHandler (https://qts-dev.quesscorp.com/__cypress/runner/cypress_runner.js:1489:31)\n    at Promise._settlePromise (https://qts-dev.quesscorp.com/__cypress/runner/cypress_runner.js:1546:18)\n    at Promise._settlePromiseCtx (https://qts-dev.quesscorp.com/__cypress/runner/cypress_runner.js:1583:10)\n    at _drainQueueStep (https://qts-dev.quesscorp.com/__cypress/runner/cypress_runner.js:2381:12)\n    at _drainQueue (https://qts-dev.quesscorp.com/__cypress/runner/cypress_runner.js:2370:9)\n    at Async._drainQueues (https://qts-dev.quesscorp.com/__cypress/runner/cypress_runner.js:2386:5)\n    at Async.drainQueues (https://qts-dev.quesscorp.com/__cypress/runner/cypress_runner.js:2256:14)",
                "diff": null
              },
              "uuid": "b411784f-1a4c-40b3-bdac-16b07b119c2f",
              "parentUUID": "42358a7e-cf7c-47bd-8814-b9e2ddf616d0",
              "isHook": false,
              "skipped": false
            },
            {
              "title": "TC06 - should show validation for invalid email format",
              "fullTitle": "Quess Support - Login Page TC06 - should show validation for invalid email format",
              "timedOut": null,
              "duration": 973,
              "state": "failed",
              "speed": null,
              "pass": false,
              "fail": true,
              "pending": false,
              "context": null,
              "code": "typeEmail(data.badEmail);\ntypePassword(data.validPassword);\nclickSignIn();\ncy.get(loginSelectors.username).then($input => {\n  expect($input[0].checkValidity()).to.be.false;\n  expect($input[0].validationMessage).to.not.equal('');\n});",
              "err": {
                "message": "CypressError: `cy.click()` can only be called on a single element. Your subject contained 2 elements. Pass `{ multiple: true }` if you want to serially click each element.\n\nhttps://on.cypress.io/click",
                "estack": "CypressError: `cy.click()` can only be called on a single element. Your subject contained 2 elements. Pass `{ multiple: true }` if you want to serially click each element.\n\nhttps://on.cypress.io/click\n    at mouseAction (https://qts-dev.quesscorp.com/__cypress/runner/cypress_runner.js:114741:68)\n    at Context.click (https://qts-dev.quesscorp.com/__cypress/runner/cypress_runner.js:114908:14)\n    at wrapped (https://qts-dev.quesscorp.com/__cypress/runner/cypress_runner.js:146287:19)\n    at <unknown> (https://qts-dev.quesscorp.com/__cypress/runner/cypress_runner.js:152285:15)\n    at tryCatcher (https://qts-dev.quesscorp.com/__cypress/runner/cypress_runner.js:1777:23)\n    at Promise._settlePromiseFromHandler (https://qts-dev.quesscorp.com/__cypress/runner/cypress_runner.js:1489:31)\n    at Promise._settlePromise (https://qts-dev.quesscorp.com/__cypress/runner/cypress_runner.js:1546:18)\n    at Promise._settlePromiseCtx (https://qts-dev.quesscorp.com/__cypress/runner/cypress_runner.js:1583:10)\n    at _drainQueueStep (https://qts-dev.quesscorp.com/__cypress/runner/cypress_runner.js:2381:12)\n    at _drainQueue (https://qts-dev.quesscorp.com/__cypress/runner/cypress_runner.js:2370:9)\n    at Async._drainQueues (https://qts-dev.quesscorp.com/__cypress/runner/cypress_runner.js:2386:5)\n    at Async.drainQueues (https://qts-dev.quesscorp.com/__cypress/runner/cypress_runner.js:2256:14)",
                "diff": null
              },
              "uuid": "8c55de87-2846-4c10-a350-793c8a907bb3",
              "parentUUID": "42358a7e-cf7c-47bd-8814-b9e2ddf616d0",
              "isHook": false,
              "skipped": false
            },
            {
              "title": "TC07 - should toggle password visibility if eye icon is clickable",
              "fullTitle": "Quess Support - Login Page TC07 - should toggle password visibility if eye icon is clickable",
              "timedOut": null,
              "duration": 699,
              "state": "passed",
              "speed": "fast",
              "pass": true,
              "fail": false,
              "pending": false,
              "context": null,
              "code": "typePassword(data.validPassword);\ncy.get(loginSelectors.password).should('have.attr', 'type').then(initialType => {\n  cy.get(loginSelectors.password).parent().find(passwordToggle).first().then($toggle => {\n    if ($toggle.length) {\n      cy.wrap($toggle).click({\n        force: true\n      });\n      cy.get(loginSelectors.password).invoke('attr', 'type').should(newType => {\n        expect(newType).to.not.equal(initialType);\n      });\n    }\n  });\n});",
              "err": {},
              "uuid": "25769e8c-5be1-4f57-b33b-8eff695bc3d1",
              "parentUUID": "42358a7e-cf7c-47bd-8814-b9e2ddf616d0",
              "isHook": false,
              "skipped": false
            },
            {
              "title": "TC08 - should login successfully with valid credentials",
              "fullTitle": "Quess Support - Login Page TC08 - should login successfully with valid credentials",
              "timedOut": null,
              "duration": 1285,
              "state": "failed",
              "speed": null,
              "pass": false,
              "fail": true,
              "pending": false,
              "context": null,
              "code": "cy.intercept(\"POST\", \"**/login**\").as(\"loginRequest\"); // update endpoint if needed\ntypeEmail(data.validEmail);\ntypePassword(data.validPassword);\nclickSignIn();\ncy.wait(\"@loginRequest\", {\n  timeout: 10000\n}).then(interception => {\n  var _interception$respons;\n  expect((_interception$respons = interception.response) === null || _interception$respons === void 0 ? void 0 : _interception$respons.statusCode).to.be.oneOf([200, 201]);\n});\ncy.url().should(\"not.include\", \"/login\");",
              "err": {
                "message": "CypressError: `cy.click()` can only be called on a single element. Your subject contained 2 elements. Pass `{ multiple: true }` if you want to serially click each element.\n\nhttps://on.cypress.io/click",
                "estack": "CypressError: `cy.click()` can only be called on a single element. Your subject contained 2 elements. Pass `{ multiple: true }` if you want to serially click each element.\n\nhttps://on.cypress.io/click\n    at mouseAction (https://qts-dev.quesscorp.com/__cypress/runner/cypress_runner.js:114741:68)\n    at Context.click (https://qts-dev.quesscorp.com/__cypress/runner/cypress_runner.js:114908:14)\n    at wrapped (https://qts-dev.quesscorp.com/__cypress/runner/cypress_runner.js:146287:19)\n    at <unknown> (https://qts-dev.quesscorp.com/__cypress/runner/cypress_runner.js:152285:15)\n    at tryCatcher (https://qts-dev.quesscorp.com/__cypress/runner/cypress_runner.js:1777:23)\n    at Promise._settlePromiseFromHandler (https://qts-dev.quesscorp.com/__cypress/runner/cypress_runner.js:1489:31)\n    at Promise._settlePromise (https://qts-dev.quesscorp.com/__cypress/runner/cypress_runner.js:1546:18)\n    at Promise._settlePromiseCtx (https://qts-dev.quesscorp.com/__cypress/runner/cypress_runner.js:1583:10)\n    at _drainQueueStep (https://qts-dev.quesscorp.com/__cypress/runner/cypress_runner.js:2381:12)\n    at _drainQueue (https://qts-dev.quesscorp.com/__cypress/runner/cypress_runner.js:2370:9)\n    at Async._drainQueues (https://qts-dev.quesscorp.com/__cypress/runner/cypress_runner.js:2386:5)\n    at Async.drainQueues (https://qts-dev.quesscorp.com/__cypress/runner/cypress_runner.js:2256:14)",
                "diff": null
              },
              "uuid": "c8ab7d31-d6f8-4e53-b12e-50d25cf30468",
              "parentUUID": "42358a7e-cf7c-47bd-8814-b9e2ddf616d0",
              "isHook": false,
              "skipped": false
            },
            {
              "title": "TC09 - should show error for invalid credentials",
              "fullTitle": "Quess Support - Login Page TC09 - should show error for invalid credentials",
              "timedOut": null,
              "duration": 1310,
              "state": "failed",
              "speed": null,
              "pass": false,
              "fail": true,
              "pending": false,
              "context": null,
              "code": "cy.intercept(\"POST\", \"**/login**\").as(\"loginRequest\"); // update endpoint if needed\ntypeEmail(data.invalidEmail);\ntypePassword(data.invalidPassword);\nclickSignIn();\ncy.wait(\"@loginRequest\", {\n  timeout: 10000\n});\ncy.contains(/invalid credentials|Invalid email or password|login failed/i).should(\"be.visible\");",
              "err": {
                "message": "CypressError: `cy.click()` can only be called on a single element. Your subject contained 2 elements. Pass `{ multiple: true }` if you want to serially click each element.\n\nhttps://on.cypress.io/click",
                "estack": "CypressError: `cy.click()` can only be called on a single element. Your subject contained 2 elements. Pass `{ multiple: true }` if you want to serially click each element.\n\nhttps://on.cypress.io/click\n    at mouseAction (https://qts-dev.quesscorp.com/__cypress/runner/cypress_runner.js:114741:68)\n    at Context.click (https://qts-dev.quesscorp.com/__cypress/runner/cypress_runner.js:114908:14)\n    at wrapped (https://qts-dev.quesscorp.com/__cypress/runner/cypress_runner.js:146287:19)\n    at <unknown> (https://qts-dev.quesscorp.com/__cypress/runner/cypress_runner.js:152285:15)\n    at tryCatcher (https://qts-dev.quesscorp.com/__cypress/runner/cypress_runner.js:1777:23)\n    at Promise._settlePromiseFromHandler (https://qts-dev.quesscorp.com/__cypress/runner/cypress_runner.js:1489:31)\n    at Promise._settlePromise (https://qts-dev.quesscorp.com/__cypress/runner/cypress_runner.js:1546:18)\n    at Promise._settlePromiseCtx (https://qts-dev.quesscorp.com/__cypress/runner/cypress_runner.js:1583:10)\n    at _drainQueueStep (https://qts-dev.quesscorp.com/__cypress/runner/cypress_runner.js:2381:12)\n    at _drainQueue (https://qts-dev.quesscorp.com/__cypress/runner/cypress_runner.js:2370:9)\n    at Async._drainQueues (https://qts-dev.quesscorp.com/__cypress/runner/cypress_runner.js:2386:5)\n    at Async.drainQueues (https://qts-dev.quesscorp.com/__cypress/runner/cypress_runner.js:2256:14)",
                "diff": null
              },
              "uuid": "7dccbddd-afb3-4cc9-941d-9065b0c0d5a8",
              "parentUUID": "42358a7e-cf7c-47bd-8814-b9e2ddf616d0",
              "isHook": false,
              "skipped": false
            },
            {
              "title": "TC10 - should keep Sign in button visible",
              "fullTitle": "Quess Support - Login Page TC10 - should keep Sign in button visible",
              "timedOut": null,
              "duration": 272,
              "state": "passed",
              "speed": "fast",
              "pass": true,
              "fail": false,
              "pending": false,
              "context": null,
              "code": "cy.get(loginSelectors.submit).contains(texts.signInButton).should('be.visible');",
              "err": {},
              "uuid": "f9c9da16-2ba9-401e-a464-4b4346c7d1ad",
              "parentUUID": "42358a7e-cf7c-47bd-8814-b9e2ddf616d0",
              "isHook": false,
              "skipped": false
            }
          ],
          "suites": [],
          "passes": [
            "fea58eda-39d2-4a57-9f8d-4758cabdbc32",
            "9ec20e44-1dcf-474f-80bd-04148a4bb7be",
            "25769e8c-5be1-4f57-b33b-8eff695bc3d1",
            "f9c9da16-2ba9-401e-a464-4b4346c7d1ad"
          ],
          "failures": [
            "d14c2111-edb2-4e6e-85dc-d60f771f1706",
            "0490c56d-7c19-4116-a7a6-01fd22965e5a",
            "b411784f-1a4c-40b3-bdac-16b07b119c2f",
            "8c55de87-2846-4c10-a350-793c8a907bb3",
            "c8ab7d31-d6f8-4e53-b12e-50d25cf30468",
            "7dccbddd-afb3-4cc9-941d-9065b0c0d5a8"
          ],
          "pending": [],
          "skipped": [],
          "duration": 9018,
          "root": false,
          "rootEmpty": false,
          "_timeout": 2000
        }
      ],
      "passes": [],
      "failures": [],
      "pending": [],
      "skipped": [],
      "duration": 0,
      "root": true,
      "rootEmpty": true,
      "_timeout": 2000
    }
  ],
  "meta": {
    "mocha": {
      "version": "7.2.0"
    },
    "mochawesome": {
      "options": {
        "quiet": false,
        "reportFilename": "mochawesome",
        "saveHtml": false,
        "saveJson": true,
        "consoleReporter": "spec",
        "useInlineDiffs": false,
        "code": true
      },
      "version": "7.1.4"
    },
    "marge": {
      "options": {
        "reportDir": "cypress/reports",
        "overwrite": false,
        "html": false,
        "json": true
      },
      "version": "6.3.2"
    }
  }
}