{
  "stats": {
    "suites": 1,
    "tests": 14,
    "passes": 13,
    "pending": 0,
    "failures": 1,
    "start": "2026-03-31T19:10:24.124Z",
    "end": "2026-03-31T19:10:51.414Z",
    "duration": 27290,
    "testsRegistered": 14,
    "passPercent": 92.85714285714286,
    "pendingPercent": 0,
    "other": 0,
    "hasOther": false,
    "skipped": 0,
    "hasSkipped": false
  },
  "results": [
    {
      "uuid": "258c7e7e-e176-470e-a1b6-f91b2d3aa610",
      "title": "",
      "fullFile": "cypress\\e2e\\login.cy.js",
      "file": "cypress\\e2e\\login.cy.js",
      "beforeHooks": [],
      "afterHooks": [],
      "tests": [],
      "suites": [
        {
          "uuid": "57337340-66fb-4e80-9e0b-9dfb207240d5",
          "title": "Quess Support - Login Page",
          "fullFile": "",
          "file": "",
          "beforeHooks": [],
          "afterHooks": [],
          "tests": [
            {
              "title": "TC01 - should display login page UI correctly",
              "fullTitle": "Quess Support - Login Page TC01 - should display login page UI correctly",
              "timedOut": null,
              "duration": 1613,
              "state": "passed",
              "speed": "fast",
              "pass": true,
              "fail": false,
              "pending": false,
              "context": null,
              "code": "cy.contains(texts.title).should(\"be.visible\");\ncy.contains(texts.subtitle).should(\"be.visible\");\ncy.contains(texts.emailLabel).should(\"be.visible\");\ncy.contains(texts.passwordLabel).should(\"be.visible\");\ncy.get(loginSelectors.username).should('be.visible').and('have.attr', 'placeholder', 'you@quess.com');\ncy.get(loginSelectors.password).should('be.visible').and('have.attr', 'placeholder', 'Enter your password');\ncy.get(loginSelectors.submit).contains(texts.signInButton).should('be.visible');",
              "err": {},
              "uuid": "3827ee19-8925-4d70-a435-7f33f9103c3f",
              "parentUUID": "57337340-66fb-4e80-9e0b-9dfb207240d5",
              "isHook": false,
              "skipped": false
            },
            {
              "title": "TC02 - should allow typing email and password",
              "fullTitle": "Quess Support - Login Page TC02 - should allow typing email and password",
              "timedOut": null,
              "duration": 1131,
              "state": "passed",
              "speed": "fast",
              "pass": true,
              "fail": false,
              "pending": false,
              "context": null,
              "code": "typeEmail(data.validEmail);\ntypePassword(data.validPassword);",
              "err": {},
              "uuid": "14c3c8d4-520d-40a2-95b5-607fedc543fe",
              "parentUUID": "57337340-66fb-4e80-9e0b-9dfb207240d5",
              "isHook": false,
              "skipped": false
            },
            {
              "title": "TC03 - should show native validation when email is blank",
              "fullTitle": "Quess Support - Login Page TC03 - should show native validation when email is blank",
              "timedOut": null,
              "duration": 706,
              "state": "passed",
              "speed": "fast",
              "pass": true,
              "fail": false,
              "pending": false,
              "context": null,
              "code": "typePassword(data.validPassword);\nclickSignIn();\nassertNativeValidationMessage(loginSelectors.username);\nassertFieldInvalid(loginSelectors.username);",
              "err": {},
              "uuid": "bff9929a-4e8c-4799-98fa-9dc8aca3edce",
              "parentUUID": "57337340-66fb-4e80-9e0b-9dfb207240d5",
              "isHook": false,
              "skipped": false
            },
            {
              "title": "TC04 - should show native validation when password is blank",
              "fullTitle": "Quess Support - Login Page TC04 - should show native validation when password is blank",
              "timedOut": null,
              "duration": 750,
              "state": "passed",
              "speed": "fast",
              "pass": true,
              "fail": false,
              "pending": false,
              "context": null,
              "code": "typeEmail(data.validEmail);\nclickSignIn();\nassertNativeValidationMessage(loginSelectors.password);\nassertFieldInvalid(loginSelectors.password);",
              "err": {},
              "uuid": "14d22408-5310-4109-9311-9f9eafd65359",
              "parentUUID": "57337340-66fb-4e80-9e0b-9dfb207240d5",
              "isHook": false,
              "skipped": false
            },
            {
              "title": "TC05 - should show native validation when both fields are blank",
              "fullTitle": "Quess Support - Login Page TC05 - should show native validation when both fields are blank",
              "timedOut": null,
              "duration": 295,
              "state": "passed",
              "speed": "fast",
              "pass": true,
              "fail": false,
              "pending": false,
              "context": null,
              "code": "clickSignIn();\nassertNativeValidationMessage(loginSelectors.username);\nassertFieldInvalid(loginSelectors.username);\nassertFieldInvalid(loginSelectors.password);",
              "err": {},
              "uuid": "b87ebbeb-a858-40c3-8dc3-974480bdc523",
              "parentUUID": "57337340-66fb-4e80-9e0b-9dfb207240d5",
              "isHook": false,
              "skipped": false
            },
            {
              "title": "TC06 - should show validation for invalid email format",
              "fullTitle": "Quess Support - Login Page TC06 - should show validation for invalid email format",
              "timedOut": null,
              "duration": 936,
              "state": "passed",
              "speed": "fast",
              "pass": true,
              "fail": false,
              "pending": false,
              "context": null,
              "code": "typeEmail(data.badEmail);\ntypePassword(data.validPassword);\nclickSignIn();\ncy.get(loginSelectors.username).then($input => {\n  expect($input[0].checkValidity()).to.be.false;\n  expect($input[0].validationMessage).to.not.equal('');\n});",
              "err": {},
              "uuid": "23bd4cda-f66a-4981-99c1-11344e5597c2",
              "parentUUID": "57337340-66fb-4e80-9e0b-9dfb207240d5",
              "isHook": false,
              "skipped": false
            },
            {
              "title": "TC07 - should toggle password visibility if eye icon is clickable",
              "fullTitle": "Quess Support - Login Page TC07 - should toggle password visibility if eye icon is clickable",
              "timedOut": null,
              "duration": 688,
              "state": "passed",
              "speed": "fast",
              "pass": true,
              "fail": false,
              "pending": false,
              "context": null,
              "code": "typePassword(data.validPassword);\ncy.get(loginSelectors.password).should('have.attr', 'type').then(initialType => {\n  cy.get(loginSelectors.password).parent().find(passwordToggle).first().then($toggle => {\n    if ($toggle.length) {\n      cy.wrap($toggle).click({\n        force: true\n      });\n      cy.get(loginSelectors.password).invoke('attr', 'type').should(newType => {\n        expect(newType).to.not.equal(initialType);\n      });\n    }\n  });\n});",
              "err": {},
              "uuid": "3faf031b-006f-4e6b-be81-8a2c13cf2021",
              "parentUUID": "57337340-66fb-4e80-9e0b-9dfb207240d5",
              "isHook": false,
              "skipped": false
            },
            {
              "title": "TC08 - should login successfully with valid credentials",
              "fullTitle": "Quess Support - Login Page TC08 - should login successfully with valid credentials",
              "timedOut": null,
              "duration": 3066,
              "state": "passed",
              "speed": "fast",
              "pass": true,
              "fail": false,
              "pending": false,
              "context": null,
              "code": "cy.intercept(\"POST\", \"**/login**\").as(\"loginRequest\"); // update endpoint if needed\ntypeEmail(data.validEmail);\ntypePassword(data.validPassword);\nclickSignIn();\ncy.wait(\"@loginRequest\", {\n  timeout: 10000\n}).then(interception => {\n  var _interception$respons;\n  expect((_interception$respons = interception.response) === null || _interception$respons === void 0 ? void 0 : _interception$respons.statusCode).to.be.oneOf([200, 201]);\n});\ncy.url().should(\"not.include\", \"/login\");",
              "err": {},
              "uuid": "fa260394-15f0-4a80-a282-f571f664a97b",
              "parentUUID": "57337340-66fb-4e80-9e0b-9dfb207240d5",
              "isHook": false,
              "skipped": false
            },
            {
              "title": "TC09 - should show invalid credentials API response",
              "fullTitle": "Quess Support - Login Page TC09 - should show invalid credentials API response",
              "timedOut": null,
              "duration": 1256,
              "state": "passed",
              "speed": "fast",
              "pass": true,
              "fail": false,
              "pending": false,
              "context": null,
              "code": "cy.intercept(\"POST\", \"**/login**\", {\n  statusCode: 401,\n  body: {\n    message: \"Invalid email or password\"\n  }\n}).as(\"loginRequest\");\ntypeEmail(data.invalidEmail);\ntypePassword(data.invalidPassword);\nclickSignIn();\ncy.wait(\"@loginRequest\", {\n  timeout: 10000\n}).then(interception => {\n  expect(interception.response).to.have.property('statusCode', 401);\n  expect(interception.response.body).to.deep.equal({\n    message: 'Invalid email or password'\n  });\n  expect(interception.error).to.be.undefined;\n});",
              "err": {},
              "uuid": "a1d2810e-ba8b-44f1-bdaa-5cce7d01db69",
              "parentUUID": "57337340-66fb-4e80-9e0b-9dfb207240d5",
              "isHook": false,
              "skipped": false
            },
            {
              "title": "TC10 - should keep Sign in button visible",
              "fullTitle": "Quess Support - Login Page TC10 - should keep Sign in button visible",
              "timedOut": null,
              "duration": 196,
              "state": "passed",
              "speed": "fast",
              "pass": true,
              "fail": false,
              "pending": false,
              "context": null,
              "code": "cy.contains('button', texts.signInButton).should('be.visible');",
              "err": {},
              "uuid": "dd534d17-6377-4742-8e7b-020df76cf5b5",
              "parentUUID": "57337340-66fb-4e80-9e0b-9dfb207240d5",
              "isHook": false,
              "skipped": false
            },
            {
              "title": "TC11 - should trim whitespace in credentials if configured by frontend",
              "fullTitle": "Quess Support - Login Page TC11 - should trim whitespace in credentials if configured by frontend",
              "timedOut": null,
              "duration": 11307,
              "state": "failed",
              "speed": null,
              "pass": false,
              "fail": true,
              "pending": false,
              "context": null,
              "code": "const rawEmail = `   ${data.validEmail}   `;\nconst rawPassword = `   ${data.validPassword}   `;\ntypeEmail(rawEmail);\ntypePassword(rawPassword);\n// if app trims on input, verify trimmed state; allow both untrimmed and trimmed behavior\ncy.get(loginSelectors.username).invoke('val').then(val => {\n  expect(val.trim()).to.equal(data.validEmail);\n});\ncy.get(loginSelectors.password).invoke('val').then(val => {\n  expect(val.trim()).to.equal(data.validPassword);\n});\ncy.intercept('POST', '**/login**', {\n  fixture: 'api/login-success.json'\n}).as('loginRequest');\nclickSignIn();\ncy.wait('@loginRequest').its('response.statusCode').should('be.oneOf', [200, 201]);\ncy.url().should('not.include', '/login');",
              "err": {
                "message": "AssertionError: Timed out retrying after 10310ms: expected '<input#email.h-8.w-full.min-w-0.rounded-lg.border.border-input.bg-transparent.px-2.5.py-1.text-base.transition-colors.outline-none.file:inline-flex.file:h-6.file:border-0.file:bg-transparent.file:text-sm.file:font-medium.file:text-foreground.placeholder:text-muted-foreground.focus-visible:border-ring.focus-visible:ring-3.focus-visible:ring-ring/50.disabled:pointer-events-none.disabled:cursor-not-allowed.disabled:bg-input/50.disabled:opacity-50.aria-invalid:border-destructive.aria-invalid:ring-3.aria-invalid:ring-destructive/20.md:text-sm.dark:bg-input/30.dark:disabled:bg-input/80.dark:aria-invalid:border-destructive/50.dark:aria-invalid:ring-destructive/40>' to have value '   agent@mailinator.com   ', but the value was 'agent@mailinator.com'",
                "estack": "AssertionError: Timed out retrying after 10310ms: expected '<input#email.h-8.w-full.min-w-0.rounded-lg.border.border-input.bg-transparent.px-2.5.py-1.text-base.transition-colors.outline-none.file:inline-flex.file:h-6.file:border-0.file:bg-transparent.file:text-sm.file:font-medium.file:text-foreground.placeholder:text-muted-foreground.focus-visible:border-ring.focus-visible:ring-3.focus-visible:ring-ring/50.disabled:pointer-events-none.disabled:cursor-not-allowed.disabled:bg-input/50.disabled:opacity-50.aria-invalid:border-destructive.aria-invalid:ring-3.aria-invalid:ring-destructive/20.md:text-sm.dark:bg-input/30.dark:disabled:bg-input/80.dark:aria-invalid:border-destructive/50.dark:aria-invalid:ring-destructive/40>' to have value '   agent@mailinator.com   ', but the value was 'agent@mailinator.com'\n    at typeEmail (webpack://quessai_cypress/./cypress/e2e/login.cy.js:50:7)\n    at Context.eval (webpack://quessai_cypress/./cypress/e2e/login.cy.js:200:4)",
                "diff": "- 'agent@mailinator.com'\n+ '   agent@mailinator.com   '\n"
              },
              "uuid": "cbcb6c08-b281-4203-a832-71d6c67693f3",
              "parentUUID": "57337340-66fb-4e80-9e0b-9dfb207240d5",
              "isHook": false,
              "skipped": false
            },
            {
              "title": "TC12 - should show network error when login endpoint is unreachable",
              "fullTitle": "Quess Support - Login Page TC12 - should show network error when login endpoint is unreachable",
              "timedOut": null,
              "duration": 1218,
              "state": "passed",
              "speed": "fast",
              "pass": true,
              "fail": false,
              "pending": false,
              "context": null,
              "code": "cy.intercept('POST', '**/login**', {\n  forceNetworkError: true\n}).as('loginRequest');\ntypeEmail(data.validEmail);\ntypePassword(data.validPassword);\nclickSignIn();\ncy.wait('@loginRequest').then(interception => {\n  expect(interception.error).to.have.property('message');\n});\n// Interception error assertion is sufficient for a network failure scenario.\ncy.wait('@loginRequest').then(interception => {\n  expect(interception.error).to.have.property('message');\n});",
              "err": {},
              "uuid": "4f27c83d-8f1b-4dff-a041-24b803b9485b",
              "parentUUID": "57337340-66fb-4e80-9e0b-9dfb207240d5",
              "isHook": false,
              "skipped": false
            },
            {
              "title": "TC13 - should show server error for 5xx login responses",
              "fullTitle": "Quess Support - Login Page TC13 - should show server error for 5xx login responses",
              "timedOut": null,
              "duration": 2332,
              "state": "passed",
              "speed": "fast",
              "pass": true,
              "fail": false,
              "pending": false,
              "context": null,
              "code": "cy.intercept('POST', '**/login**', {\n  statusCode: 500,\n  body: {\n    message: 'Internal Server Error'\n  }\n}).as('loginRequest');\ntypeEmail(data.validEmail);\ntypePassword(data.validPassword);\nclickSignIn();\ncy.wait('@loginRequest');\ncy.contains(/server error|Internal Server Error|something went wrong/i).should('be.visible');",
              "err": {},
              "uuid": "45406946-99cc-4e86-9d82-3e689c70344d",
              "parentUUID": "57337340-66fb-4e80-9e0b-9dfb207240d5",
              "isHook": false,
              "skipped": false
            },
            {
              "title": "TC14 - should reject invalid short password",
              "fullTitle": "Quess Support - Login Page TC14 - should reject invalid short password",
              "timedOut": null,
              "duration": 1050,
              "state": "passed",
              "speed": "fast",
              "pass": true,
              "fail": false,
              "pending": false,
              "context": null,
              "code": "typeEmail(data.validEmail);\ntypePassword('a');\nclickSignIn();\ncy.contains(/password.*(min|length)|weak password/i).should('be.visible');",
              "err": {},
              "uuid": "421f41e8-be4e-4595-8345-6da69c29b17f",
              "parentUUID": "57337340-66fb-4e80-9e0b-9dfb207240d5",
              "isHook": false,
              "skipped": false
            }
          ],
          "suites": [],
          "passes": [
            "3827ee19-8925-4d70-a435-7f33f9103c3f",
            "14c3c8d4-520d-40a2-95b5-607fedc543fe",
            "bff9929a-4e8c-4799-98fa-9dc8aca3edce",
            "14d22408-5310-4109-9311-9f9eafd65359",
            "b87ebbeb-a858-40c3-8dc3-974480bdc523",
            "23bd4cda-f66a-4981-99c1-11344e5597c2",
            "3faf031b-006f-4e6b-be81-8a2c13cf2021",
            "fa260394-15f0-4a80-a282-f571f664a97b",
            "a1d2810e-ba8b-44f1-bdaa-5cce7d01db69",
            "dd534d17-6377-4742-8e7b-020df76cf5b5",
            "4f27c83d-8f1b-4dff-a041-24b803b9485b",
            "45406946-99cc-4e86-9d82-3e689c70344d",
            "421f41e8-be4e-4595-8345-6da69c29b17f"
          ],
          "failures": [
            "cbcb6c08-b281-4203-a832-71d6c67693f3"
          ],
          "pending": [],
          "skipped": [],
          "duration": 26544,
          "root": false,
          "rootEmpty": false,
          "_timeout": 2000
        }
      ],
      "passes": [],
      "failures": [],
      "pending": [],
      "skipped": [],
      "duration": 0,
      "root": true,
      "rootEmpty": true,
      "_timeout": 2000
    }
  ],
  "meta": {
    "mocha": {
      "version": "7.2.0"
    },
    "mochawesome": {
      "options": {
        "quiet": false,
        "reportFilename": "mochawesome",
        "saveHtml": false,
        "saveJson": true,
        "consoleReporter": "spec",
        "useInlineDiffs": false,
        "code": true
      },
      "version": "7.1.4"
    },
    "marge": {
      "options": {
        "reportDir": "cypress/reports",
        "overwrite": false,
        "html": false,
        "json": true
      },
      "version": "6.3.2"
    }
  }
}